{"/Users/dirkkok/Development/zork/src/data_loaders/ItemDataLoader.ts": {"path":"/Users/dirkkok/Development/zork/src/data_loaders/ItemDataLoader.ts","statementMap":{"0":{"start":{"line":2,"column":0},"end":{"line":2,"column":75}},"1":{"start":{"line":3,"column":0},"end":{"line":3,"column":39}},"2":{"start":{"line":4,"column":0},"end":{"line":4,"column":28}},"3":{"start":{"line":58,"column":8},"end":{"line":58,"column":33}},"4":{"start":{"line":65,"column":22},"end":{"line":65,"column":44}},"5":{"start":{"line":66,"column":33},"end":{"line":66,"column":35}},"6":{"start":{"line":68,"column":8},"end":{"line":76,"column":9}},"7":{"start":{"line":69,"column":12},"end":{"line":75,"column":13}},"8":{"start":{"line":70,"column":29},"end":{"line":70,"column":66}},"9":{"start":{"line":71,"column":16},"end":{"line":71,"column":36}},"10":{"start":{"line":73,"column":16},"end":{"line":73,"column":78}},"11":{"start":{"line":78,"column":8},"end":{"line":78,"column":24}},"12":{"start":{"line":85,"column":22},"end":{"line":85,"column":44}},"13":{"start":{"line":86,"column":25},"end":{"line":86,"column":41}},"14":{"start":{"line":88,"column":8},"end":{"line":90,"column":9}},"15":{"start":{"line":89,"column":12},"end":{"line":89,"column":66}},"16":{"start":{"line":92,"column":8},"end":{"line":92,"column":53}},"17":{"start":{"line":99,"column":25},"end":{"line":99,"column":50}},"18":{"start":{"line":100,"column":8},"end":{"line":100,"column":59}},"19":{"start":{"line":100,"column":39},"end":{"line":100,"column":57}},"20":{"start":{"line":107,"column":25},"end":{"line":107,"column":50}},"21":{"start":{"line":108,"column":8},"end":{"line":108,"column":74}},"22":{"start":{"line":108,"column":39},"end":{"line":108,"column":72}},"23":{"start":{"line":115,"column":22},"end":{"line":115,"column":44}},"24":{"start":{"line":116,"column":8},"end":{"line":116,"column":27}},"25":{"start":{"line":123,"column":8},"end":{"line":132,"column":9}},"26":{"start":{"line":124,"column":30},"end":{"line":124,"column":63}},"27":{"start":{"line":125,"column":33},"end":{"line":125,"column":67}},"28":{"start":{"line":126,"column":30},"end":{"line":126,"column":71}},"29":{"start":{"line":128,"column":12},"end":{"line":128,"column":46}},"30":{"start":{"line":129,"column":12},"end":{"line":129,"column":29}},"31":{"start":{"line":131,"column":12},"end":{"line":131,"column":67}},"32":{"start":{"line":139,"column":8},"end":{"line":148,"column":9}},"33":{"start":{"line":140,"column":29},"end":{"line":140,"column":58}},"34":{"start":{"line":141,"column":32},"end":{"line":141,"column":65}},"35":{"start":{"line":142,"column":29},"end":{"line":142,"column":64}},"36":{"start":{"line":144,"column":12},"end":{"line":144,"column":44}},"37":{"start":{"line":145,"column":12},"end":{"line":145,"column":56}},"38":{"start":{"line":147,"column":12},"end":{"line":147,"column":78}},"39":{"start":{"line":155,"column":8},"end":{"line":172,"column":10}},"40":{"start":{"line":179,"column":27},"end":{"line":179,"column":50}},"41":{"start":{"line":180,"column":8},"end":{"line":182,"column":9}},"42":{"start":{"line":181,"column":12},"end":{"line":181,"column":64}},"43":{"start":{"line":183,"column":8},"end":{"line":183,"column":38}},"44":{"start":{"line":190,"column":27},"end":{"line":190,"column":46}},"45":{"start":{"line":191,"column":8},"end":{"line":193,"column":9}},"46":{"start":{"line":192,"column":12},"end":{"line":192,"column":64}},"47":{"start":{"line":194,"column":8},"end":{"line":194,"column":34}},"48":{"start":{"line":201,"column":8},"end":{"line":216,"column":11}},"49":{"start":{"line":202,"column":44},"end":{"line":205,"column":14}},"50":{"start":{"line":207,"column":12},"end":{"line":209,"column":13}},"51":{"start":{"line":208,"column":16},"end":{"line":208,"column":78}},"52":{"start":{"line":211,"column":12},"end":{"line":213,"column":13}},"53":{"start":{"line":212,"column":16},"end":{"line":212,"column":69}},"54":{"start":{"line":215,"column":12},"end":{"line":215,"column":26}},"55":{"start":{"line":225,"column":8},"end":{"line":227,"column":9}},"56":{"start":{"line":226,"column":12},"end":{"line":226,"column":51}},"57":{"start":{"line":228,"column":8},"end":{"line":228,"column":27}},"58":{"start":{"line":236,"column":32},"end":{"line":236,"column":76}},"59":{"start":{"line":237,"column":8},"end":{"line":239,"column":9}},"60":{"start":{"line":238,"column":12},"end":{"line":238,"column":67}},"61":{"start":{"line":240,"column":8},"end":{"line":240,"column":24}},"62":{"start":{"line":247,"column":8},"end":{"line":249,"column":9}},"63":{"start":{"line":248,"column":12},"end":{"line":248,"column":60}},"64":{"start":{"line":250,"column":8},"end":{"line":252,"column":9}},"65":{"start":{"line":251,"column":12},"end":{"line":251,"column":64}},"66":{"start":{"line":253,"column":8},"end":{"line":255,"column":9}},"67":{"start":{"line":254,"column":12},"end":{"line":254,"column":65}},"68":{"start":{"line":262,"column":8},"end":{"line":264,"column":9}},"69":{"start":{"line":263,"column":12},"end":{"line":263,"column":59}},"70":{"start":{"line":266,"column":31},"end":{"line":270,"column":10}},"71":{"start":{"line":272,"column":8},"end":{"line":276,"column":9}},"72":{"start":{"line":273,"column":12},"end":{"line":275,"column":13}},"73":{"start":{"line":274,"column":16},"end":{"line":274,"column":78}},"74":{"start":{"line":278,"column":8},"end":{"line":280,"column":9}},"75":{"start":{"line":279,"column":12},"end":{"line":279,"column":66}},"76":{"start":{"line":281,"column":8},"end":{"line":283,"column":9}},"77":{"start":{"line":282,"column":12},"end":{"line":282,"column":61}},"78":{"start":{"line":284,"column":8},"end":{"line":286,"column":9}},"79":{"start":{"line":285,"column":12},"end":{"line":285,"column":58}},"80":{"start":{"line":287,"column":8},"end":{"line":289,"column":9}},"81":{"start":{"line":288,"column":12},"end":{"line":288,"column":66}},"82":{"start":{"line":50,"column":0},"end":{"line":50,"column":13}}},"fnMap":{"0":{"name":"(anonymous_0)","decl":{"start":{"line":57,"column":4},"end":{"line":57,"column":16}},"loc":{"start":{"line":57,"column":48},"end":{"line":59,"column":5}}},"1":{"name":"(anonymous_1)","decl":{"start":{"line":64,"column":11},"end":{"line":64,"column":16}},"loc":{"start":{"line":64,"column":29},"end":{"line":79,"column":5}}},"2":{"name":"(anonymous_2)","decl":{"start":{"line":84,"column":11},"end":{"line":84,"column":16}},"loc":{"start":{"line":84,"column":40},"end":{"line":93,"column":5}}},"3":{"name":"(anonymous_3)","decl":{"start":{"line":98,"column":11},"end":{"line":98,"column":16}},"loc":{"start":{"line":98,"column":46},"end":{"line":101,"column":5}}},"4":{"name":"(anonymous_4)","decl":{"start":{"line":100,"column":31},"end":{"line":100,"column":35}},"loc":{"start":{"line":100,"column":39},"end":{"line":100,"column":57}}},"5":{"name":"(anonymous_5)","decl":{"start":{"line":106,"column":11},"end":{"line":106,"column":16}},"loc":{"start":{"line":106,"column":52},"end":{"line":109,"column":5}}},"6":{"name":"(anonymous_6)","decl":{"start":{"line":108,"column":31},"end":{"line":108,"column":35}},"loc":{"start":{"line":108,"column":39},"end":{"line":108,"column":72}}},"7":{"name":"(anonymous_7)","decl":{"start":{"line":114,"column":11},"end":{"line":114,"column":16}},"loc":{"start":{"line":114,"column":30},"end":{"line":117,"column":5}}},"8":{"name":"(anonymous_8)","decl":{"start":{"line":122,"column":12},"end":{"line":122,"column":17}},"loc":{"start":{"line":122,"column":27},"end":{"line":133,"column":5}}},"9":{"name":"(anonymous_9)","decl":{"start":{"line":138,"column":12},"end":{"line":138,"column":17}},"loc":{"start":{"line":138,"column":51},"end":{"line":149,"column":5}}},"10":{"name":"(anonymous_10)","decl":{"start":{"line":154,"column":12},"end":{"line":154,"column":33}},"loc":{"start":{"line":154,"column":52},"end":{"line":173,"column":5}}},"11":{"name":"(anonymous_11)","decl":{"start":{"line":178,"column":12},"end":{"line":178,"column":25}},"loc":{"start":{"line":178,"column":44},"end":{"line":184,"column":5}}},"12":{"name":"(anonymous_12)","decl":{"start":{"line":189,"column":12},"end":{"line":189,"column":21}},"loc":{"start":{"line":189,"column":40},"end":{"line":195,"column":5}}},"13":{"name":"(anonymous_13)","decl":{"start":{"line":200,"column":12},"end":{"line":200,"column":29}},"loc":{"start":{"line":200,"column":68},"end":{"line":217,"column":5}}},"14":{"name":"(anonymous_14)","decl":{"start":{"line":201,"column":35},"end":{"line":201,"column":46}},"loc":{"start":{"line":201,"column":49},"end":{"line":216,"column":9}}},"15":{"name":"(anonymous_15)","decl":{"start":{"line":223,"column":12},"end":{"line":223,"column":26}},"loc":{"start":{"line":223,"column":44},"end":{"line":229,"column":5}}},"16":{"name":"(anonymous_16)","decl":{"start":{"line":235,"column":12},"end":{"line":235,"column":23}},"loc":{"start":{"line":235,"column":38},"end":{"line":241,"column":5}}},"17":{"name":"(anonymous_17)","decl":{"start":{"line":246,"column":12},"end":{"line":246,"column":29}},"loc":{"start":{"line":246,"column":39},"end":{"line":256,"column":5}}},"18":{"name":"(anonymous_18)","decl":{"start":{"line":261,"column":12},"end":{"line":261,"column":28}},"loc":{"start":{"line":261,"column":38},"end":{"line":290,"column":5}}}},"branchMap":{"0":{"loc":{"start":{"line":57,"column":16},"end":{"line":57,"column":48}},"type":"default-arg","locations":[{"start":{"line":57,"column":35},"end":{"line":57,"column":48}}]},"1":{"loc":{"start":{"line":88,"column":8},"end":{"line":90,"column":9}},"type":"if","locations":[{"start":{"line":88,"column":8},"end":{"line":90,"column":9}}]},"2":{"loc":{"start":{"line":180,"column":8},"end":{"line":182,"column":9}},"type":"if","locations":[{"start":{"line":180,"column":8},"end":{"line":182,"column":9}}]},"3":{"loc":{"start":{"line":191,"column":8},"end":{"line":193,"column":9}},"type":"if","locations":[{"start":{"line":191,"column":8},"end":{"line":193,"column":9}}]},"4":{"loc":{"start":{"line":207,"column":12},"end":{"line":209,"column":13}},"type":"if","locations":[{"start":{"line":207,"column":12},"end":{"line":209,"column":13}}]},"5":{"loc":{"start":{"line":211,"column":12},"end":{"line":213,"column":13}},"type":"if","locations":[{"start":{"line":211,"column":12},"end":{"line":213,"column":13}}]},"6":{"loc":{"start":{"line":225,"column":8},"end":{"line":227,"column":9}},"type":"if","locations":[{"start":{"line":225,"column":8},"end":{"line":227,"column":9}}]},"7":{"loc":{"start":{"line":237,"column":8},"end":{"line":239,"column":9}},"type":"if","locations":[{"start":{"line":237,"column":8},"end":{"line":239,"column":9}}]},"8":{"loc":{"start":{"line":237,"column":12},"end":{"line":237,"column":71}},"type":"binary-expr","locations":[{"start":{"line":237,"column":12},"end":{"line":237,"column":27}},{"start":{"line":237,"column":31},"end":{"line":237,"column":49}},{"start":{"line":237,"column":53},"end":{"line":237,"column":71}}]},"9":{"loc":{"start":{"line":247,"column":8},"end":{"line":249,"column":9}},"type":"if","locations":[{"start":{"line":247,"column":8},"end":{"line":249,"column":9}}]},"10":{"loc":{"start":{"line":247,"column":12},"end":{"line":247,"column":45}},"type":"binary-expr","locations":[{"start":{"line":247,"column":12},"end":{"line":247,"column":17}},{"start":{"line":247,"column":21},"end":{"line":247,"column":45}}]},"11":{"loc":{"start":{"line":250,"column":8},"end":{"line":252,"column":9}},"type":"if","locations":[{"start":{"line":250,"column":8},"end":{"line":252,"column":9}}]},"12":{"loc":{"start":{"line":253,"column":8},"end":{"line":255,"column":9}},"type":"if","locations":[{"start":{"line":253,"column":8},"end":{"line":255,"column":9}}]},"13":{"loc":{"start":{"line":262,"column":8},"end":{"line":264,"column":9}},"type":"if","locations":[{"start":{"line":262,"column":8},"end":{"line":264,"column":9}}]},"14":{"loc":{"start":{"line":262,"column":12},"end":{"line":262,"column":45}},"type":"binary-expr","locations":[{"start":{"line":262,"column":12},"end":{"line":262,"column":17}},{"start":{"line":262,"column":21},"end":{"line":262,"column":45}}]},"15":{"loc":{"start":{"line":273,"column":12},"end":{"line":275,"column":13}},"type":"if","locations":[{"start":{"line":273,"column":12},"end":{"line":275,"column":13}}]},"16":{"loc":{"start":{"line":278,"column":8},"end":{"line":280,"column":9}},"type":"if","locations":[{"start":{"line":278,"column":8},"end":{"line":280,"column":9}}]},"17":{"loc":{"start":{"line":278,"column":12},"end":{"line":278,"column":51}},"type":"binary-expr","locations":[{"start":{"line":278,"column":12},"end":{"line":278,"column":39}},{"start":{"line":278,"column":43},"end":{"line":278,"column":51}}]},"18":{"loc":{"start":{"line":281,"column":8},"end":{"line":283,"column":9}},"type":"if","locations":[{"start":{"line":281,"column":8},"end":{"line":283,"column":9}}]},"19":{"loc":{"start":{"line":284,"column":8},"end":{"line":286,"column":9}},"type":"if","locations":[{"start":{"line":284,"column":8},"end":{"line":286,"column":9}}]},"20":{"loc":{"start":{"line":287,"column":8},"end":{"line":289,"column":9}},"type":"if","locations":[{"start":{"line":287,"column":8},"end":{"line":289,"column":9}}]}},"s":{"0":21,"1":21,"2":21,"3":410,"4":290,"5":274,"6":274,"7":44768,"8":44768,"9":44756,"10":12,"11":274,"12":363,"13":356,"14":356,"15":36,"16":320,"17":118,"18":116,"19":20991,"20":27,"21":27,"22":620,"23":26,"24":20,"25":679,"26":679,"27":679,"28":659,"29":657,"30":650,"31":29,"32":45088,"33":45088,"34":45086,"35":45076,"36":45075,"37":45072,"38":18,"39":45072,"40":45072,"41":45072,"42":2,"43":45070,"44":50140,"45":50140,"46":45,"47":50095,"48":45070,"49":83113,"50":83113,"51":16363,"52":83113,"53":16363,"54":83113,"55":21422,"56":9200,"57":12222,"58":21434,"59":21434,"60":19401,"61":2033,"62":1685,"63":9,"64":1676,"65":9,"66":1667,"67":5,"68":46140,"69":2,"70":46138,"71":46138,"72":691857,"73":24,"74":46114,"75":2,"76":46112,"77":1,"78":46111,"79":1,"80":46110,"81":1,"82":21},"f":{"0":410,"1":290,"2":363,"3":118,"4":20991,"5":27,"6":620,"7":26,"8":679,"9":45088,"10":45072,"11":45072,"12":50140,"13":45070,"14":83113,"15":21422,"16":21434,"17":1685,"18":46140},"b":{"0":[0],"1":[36],"2":[2],"3":[45],"4":[16363],"5":[16363],"6":[9200],"7":[19401],"8":[21434,19401,19401],"9":[9],"10":[1685,1682],"11":[9],"12":[5],"13":[2],"14":[46140,46138],"15":[24],"16":[2],"17":[46114,46113],"18":[1],"19":[1],"20":[1]}}
}
