{"/Users/dirkkok/Development/zork/src/commands/BaseCommand.ts": {"path":"/Users/dirkkok/Development/zork/src/commands/BaseCommand.ts","statementMap":{"0":{"start":{"line":12,"column":0},"end":{"line":12,"column":27}},"1":{"start":{"line":54,"column":14},"end":{"line":54,"column":42}},"2":{"start":{"line":55,"column":14},"end":{"line":55,"column":34}},"3":{"start":{"line":56,"column":14},"end":{"line":56,"column":42}},"4":{"start":{"line":57,"column":14},"end":{"line":57,"column":33}},"5":{"start":{"line":58,"column":14},"end":{"line":58,"column":36}},"6":{"start":{"line":59,"column":14},"end":{"line":59,"column":46}},"7":{"start":{"line":60,"column":14},"end":{"line":60,"column":36}},"8":{"start":{"line":63,"column":4},"end":{"line":63,"column":21}},"9":{"start":{"line":64,"column":4},"end":{"line":64,"column":27}},"10":{"start":{"line":65,"column":4},"end":{"line":65,"column":23}},"11":{"start":{"line":66,"column":4},"end":{"line":66,"column":29}},"12":{"start":{"line":67,"column":4},"end":{"line":67,"column":61}},"13":{"start":{"line":76,"column":25},"end":{"line":76,"column":37}},"14":{"start":{"line":77,"column":4},"end":{"line":77,"column":93}},"15":{"start":{"line":80,"column":4},"end":{"line":83,"column":5}},"16":{"start":{"line":81,"column":6},"end":{"line":81,"column":80}},"17":{"start":{"line":82,"column":6},"end":{"line":82,"column":18}},"18":{"start":{"line":86,"column":4},"end":{"line":91,"column":5}},"19":{"start":{"line":87,"column":6},"end":{"line":90,"column":7}},"20":{"start":{"line":88,"column":8},"end":{"line":88,"column":86}},"21":{"start":{"line":89,"column":8},"end":{"line":89,"column":20}},"22":{"start":{"line":93,"column":4},"end":{"line":93,"column":17}},"23":{"start":{"line":103,"column":4},"end":{"line":105,"column":5}},"24":{"start":{"line":104,"column":6},"end":{"line":104,"column":23}},"25":{"start":{"line":108,"column":4},"end":{"line":112,"column":5}},"26":{"start":{"line":109,"column":6},"end":{"line":111,"column":7}},"27":{"start":{"line":110,"column":8},"end":{"line":110,"column":21}},"28":{"start":{"line":115,"column":22},"end":{"line":115,"column":41}},"29":{"start":{"line":116,"column":4},"end":{"line":116,"column":27}},"30":{"start":{"line":125,"column":4},"end":{"line":125,"column":16}},"31":{"start":{"line":133,"column":4},"end":{"line":133,"column":87}},"32":{"start":{"line":141,"column":4},"end":{"line":141,"column":113}},"33":{"start":{"line":150,"column":4},"end":{"line":150,"column":101}},"34":{"start":{"line":167,"column":4},"end":{"line":169,"column":5}},"35":{"start":{"line":168,"column":6},"end":{"line":168,"column":42}},"36":{"start":{"line":172,"column":4},"end":{"line":174,"column":5}},"37":{"start":{"line":173,"column":6},"end":{"line":173,"column":25}},"38":{"start":{"line":177,"column":28},"end":{"line":177,"column":81}},"39":{"start":{"line":177,"column":57},"end":{"line":177,"column":80}},"40":{"start":{"line":178,"column":4},"end":{"line":178,"column":27}},"41":{"start":{"line":188,"column":22},"end":{"line":188,"column":24}},"42":{"start":{"line":189,"column":4},"end":{"line":198,"column":5}},"43":{"start":{"line":190,"column":6},"end":{"line":190,"column":30}},"44":{"start":{"line":192,"column":6},"end":{"line":197,"column":7}},"45":{"start":{"line":193,"column":8},"end":{"line":196,"column":9}},"46":{"start":{"line":194,"column":10},"end":{"line":194,"column":30}},"47":{"start":{"line":195,"column":10},"end":{"line":195,"column":16}},"48":{"start":{"line":201,"column":21},"end":{"line":201,"column":63}},"49":{"start":{"line":202,"column":4},"end":{"line":204,"column":5}},"50":{"start":{"line":203,"column":6},"end":{"line":203,"column":16}},"51":{"start":{"line":207,"column":27},"end":{"line":207,"column":29}},"52":{"start":{"line":208,"column":21},"end":{"line":208,"column":23}},"53":{"start":{"line":209,"column":19},"end":{"line":209,"column":24}},"54":{"start":{"line":211,"column":4},"end":{"line":224,"column":5}},"55":{"start":{"line":211,"column":17},"end":{"line":211,"column":18}},"56":{"start":{"line":212,"column":19},"end":{"line":212,"column":30}},"57":{"start":{"line":214,"column":6},"end":{"line":223,"column":7}},"58":{"start":{"line":215,"column":8},"end":{"line":215,"column":29}},"59":{"start":{"line":216,"column":13},"end":{"line":223,"column":7}},"60":{"start":{"line":217,"column":8},"end":{"line":220,"column":9}},"61":{"start":{"line":218,"column":10},"end":{"line":218,"column":32}},"62":{"start":{"line":219,"column":10},"end":{"line":219,"column":26}},"63":{"start":{"line":222,"column":8},"end":{"line":222,"column":27}},"64":{"start":{"line":226,"column":4},"end":{"line":228,"column":5}},"65":{"start":{"line":227,"column":6},"end":{"line":227,"column":28}},"66":{"start":{"line":230,"column":4},"end":{"line":230,"column":16}},"67":{"start":{"line":246,"column":4},"end":{"line":251,"column":6}},"68":{"start":{"line":261,"column":4},"end":{"line":265,"column":6}},"69":{"start":{"line":275,"column":4},"end":{"line":277,"column":5}},"70":{"start":{"line":276,"column":6},"end":{"line":276,"column":49}},"71":{"start":{"line":279,"column":17},"end":{"line":279,"column":45}},"72":{"start":{"line":282,"column":18},"end":{"line":282,"column":94}},"73":{"start":{"line":284,"column":4},"end":{"line":289,"column":5}},"74":{"start":{"line":285,"column":6},"end":{"line":288,"column":8}},"75":{"start":{"line":292,"column":4},"end":{"line":295,"column":6}},"76":{"start":{"line":309,"column":4},"end":{"line":311,"column":5}},"77":{"start":{"line":310,"column":6},"end":{"line":310,"column":63}},"78":{"start":{"line":313,"column":17},"end":{"line":313,"column":31}},"79":{"start":{"line":316,"column":18},"end":{"line":316,"column":103}},"80":{"start":{"line":318,"column":4},"end":{"line":324,"column":5}},"81":{"start":{"line":319,"column":6},"end":{"line":323,"column":8}},"82":{"start":{"line":327,"column":4},"end":{"line":331,"column":6}},"83":{"start":{"line":341,"column":4},"end":{"line":341,"column":38}},"84":{"start":{"line":341,"column":28},"end":{"line":341,"column":38}},"85":{"start":{"line":343,"column":23},"end":{"line":350,"column":5}},"86":{"start":{"line":344,"column":6},"end":{"line":344,"column":27}},"87":{"start":{"line":344,"column":17},"end":{"line":344,"column":27}},"88":{"start":{"line":345,"column":6},"end":{"line":345,"column":35}},"89":{"start":{"line":345,"column":23},"end":{"line":345,"column":35}},"90":{"start":{"line":347,"column":21},"end":{"line":347,"column":46}},"91":{"start":{"line":348,"column":22},"end":{"line":348,"column":80}},"92":{"start":{"line":349,"column":6},"end":{"line":349,"column":34}},"93":{"start":{"line":352,"column":4},"end":{"line":352,"column":56}},"94":{"start":{"line":352,"column":28},"end":{"line":352,"column":56}},"95":{"start":{"line":353,"column":4},"end":{"line":353,"column":89}},"96":{"start":{"line":353,"column":28},"end":{"line":353,"column":89}},"97":{"start":{"line":355,"column":23},"end":{"line":355,"column":68}},"98":{"start":{"line":356,"column":4},"end":{"line":356,"column":71}},"99":{"start":{"line":365,"column":27},"end":{"line":365,"column":74}},"100":{"start":{"line":366,"column":4},"end":{"line":366,"column":55}},"101":{"start":{"line":375,"column":22},"end":{"line":375,"column":40}},"102":{"start":{"line":376,"column":27},"end":{"line":376,"column":59}},"103":{"start":{"line":379,"column":4},"end":{"line":384,"column":5}},"104":{"start":{"line":380,"column":19},"end":{"line":380,"column":49}},"105":{"start":{"line":381,"column":6},"end":{"line":383,"column":7}},"106":{"start":{"line":382,"column":8},"end":{"line":382,"column":20}},"107":{"start":{"line":387,"column":23},"end":{"line":387,"column":63}},"108":{"start":{"line":388,"column":4},"end":{"line":393,"column":5}},"109":{"start":{"line":389,"column":19},"end":{"line":389,"column":49}},"110":{"start":{"line":390,"column":6},"end":{"line":392,"column":7}},"111":{"start":{"line":391,"column":8},"end":{"line":391,"column":20}},"112":{"start":{"line":396,"column":4},"end":{"line":411,"column":5}},"113":{"start":{"line":397,"column":24},"end":{"line":397,"column":54}},"114":{"start":{"line":398,"column":6},"end":{"line":410,"column":7}},"115":{"start":{"line":400,"column":23},"end":{"line":400,"column":84}},"116":{"start":{"line":401,"column":8},"end":{"line":409,"column":9}},"117":{"start":{"line":402,"column":27},"end":{"line":402,"column":66}},"118":{"start":{"line":403,"column":10},"end":{"line":408,"column":11}},"119":{"start":{"line":404,"column":32},"end":{"line":404,"column":69}},"120":{"start":{"line":405,"column":12},"end":{"line":407,"column":13}},"121":{"start":{"line":406,"column":14},"end":{"line":406,"column":33}},"122":{"start":{"line":413,"column":4},"end":{"line":413,"column":16}},"123":{"start":{"line":422,"column":22},"end":{"line":422,"column":40}},"124":{"start":{"line":423,"column":27},"end":{"line":423,"column":59}},"125":{"start":{"line":426,"column":23},"end":{"line":426,"column":63}},"126":{"start":{"line":427,"column":4},"end":{"line":432,"column":5}},"127":{"start":{"line":428,"column":19},"end":{"line":428,"column":49}},"128":{"start":{"line":429,"column":6},"end":{"line":431,"column":7}},"129":{"start":{"line":430,"column":8},"end":{"line":430,"column":22}},"130":{"start":{"line":435,"column":4},"end":{"line":450,"column":5}},"131":{"start":{"line":436,"column":24},"end":{"line":436,"column":54}},"132":{"start":{"line":437,"column":6},"end":{"line":449,"column":7}},"133":{"start":{"line":439,"column":23},"end":{"line":439,"column":84}},"134":{"start":{"line":440,"column":8},"end":{"line":448,"column":9}},"135":{"start":{"line":441,"column":27},"end":{"line":441,"column":66}},"136":{"start":{"line":442,"column":10},"end":{"line":447,"column":11}},"137":{"start":{"line":443,"column":32},"end":{"line":443,"column":69}},"138":{"start":{"line":444,"column":12},"end":{"line":446,"column":13}},"139":{"start":{"line":445,"column":14},"end":{"line":445,"column":35}},"140":{"start":{"line":453,"column":4},"end":{"line":458,"column":5}},"141":{"start":{"line":454,"column":19},"end":{"line":454,"column":49}},"142":{"start":{"line":455,"column":6},"end":{"line":457,"column":7}},"143":{"start":{"line":456,"column":8},"end":{"line":456,"column":22}},"144":{"start":{"line":460,"column":4},"end":{"line":460,"column":16}},"145":{"start":{"line":470,"column":4},"end":{"line":471,"column":96}},"146":{"start":{"line":471,"column":65},"end":{"line":471,"column":93}},"147":{"start":{"line":480,"column":27},"end":{"line":480,"column":59}},"148":{"start":{"line":481,"column":23},"end":{"line":481,"column":69}},"149":{"start":{"line":482,"column":22},"end":{"line":482,"column":40}},"150":{"start":{"line":484,"column":4},"end":{"line":492,"column":5}},"151":{"start":{"line":485,"column":22},"end":{"line":485,"column":58}},"152":{"start":{"line":486,"column":6},"end":{"line":491,"column":7}},"153":{"start":{"line":488,"column":68},"end":{"line":488,"column":99}},"154":{"start":{"line":490,"column":8},"end":{"line":490,"column":23}},"155":{"start":{"line":494,"column":4},"end":{"line":494,"column":16}},"156":{"start":{"line":503,"column":27},"end":{"line":503,"column":59}},"157":{"start":{"line":504,"column":18},"end":{"line":504,"column":62}},"158":{"start":{"line":505,"column":27},"end":{"line":505,"column":50}},"159":{"start":{"line":507,"column":4},"end":{"line":510,"column":6}},"160":{"start":{"line":508,"column":6},"end":{"line":509,"column":93}},"161":{"start":{"line":519,"column":19},"end":{"line":519,"column":44}},"162":{"start":{"line":520,"column":4},"end":{"line":520,"column":70}},"163":{"start":{"line":529,"column":22},"end":{"line":529,"column":40}},"164":{"start":{"line":530,"column":27},"end":{"line":530,"column":52}},"165":{"start":{"line":532,"column":4},"end":{"line":537,"column":5}},"166":{"start":{"line":533,"column":19},"end":{"line":533,"column":49}},"167":{"start":{"line":534,"column":6},"end":{"line":536,"column":7}},"168":{"start":{"line":535,"column":8},"end":{"line":535,"column":22}},"169":{"start":{"line":539,"column":4},"end":{"line":539,"column":16}},"170":{"start":{"line":18,"column":0},"end":{"line":18,"column":22}}},"fnMap":{"0":{"name":"(anonymous_1)","decl":{"start":{"line":49,"column":2},"end":{"line":49,"column":null}},"loc":{"start":{"line":61,"column":23},"end":{"line":68,"column":3}}},"1":{"name":"(anonymous_2)","decl":{"start":{"line":75,"column":2},"end":{"line":75,"column":9}},"loc":{"start":{"line":75,"column":23},"end":{"line":94,"column":3}}},"2":{"name":"(anonymous_3)","decl":{"start":{"line":101,"column":12},"end":{"line":101,"column":26}},"loc":{"start":{"line":101,"column":40},"end":{"line":117,"column":3}}},"3":{"name":"(anonymous_4)","decl":{"start":{"line":123,"column":2},"end":{"line":123,"column":12}},"loc":{"start":{"line":123,"column":12},"end":{"line":126,"column":3}}},"4":{"name":"(anonymous_5)","decl":{"start":{"line":132,"column":12},"end":{"line":132,"column":29}},"loc":{"start":{"line":132,"column":43},"end":{"line":134,"column":3}}},"5":{"name":"(anonymous_6)","decl":{"start":{"line":140,"column":12},"end":{"line":140,"column":31}},"loc":{"start":{"line":140,"column":53},"end":{"line":142,"column":3}}},"6":{"name":"(anonymous_7)","decl":{"start":{"line":149,"column":12},"end":{"line":149,"column":29}},"loc":{"start":{"line":149,"column":57},"end":{"line":151,"column":3}}},"7":{"name":"(anonymous_8)","decl":{"start":{"line":165,"column":2},"end":{"line":165,"column":16}},"loc":{"start":{"line":165,"column":30},"end":{"line":179,"column":3}}},"8":{"name":"(anonymous_9)","decl":{"start":{"line":177,"column":48},"end":{"line":177,"column":53}},"loc":{"start":{"line":177,"column":57},"end":{"line":177,"column":80}}},"9":{"name":"(anonymous_10)","decl":{"start":{"line":186,"column":12},"end":{"line":186,"column":19}},"loc":{"start":{"line":186,"column":33},"end":{"line":231,"column":3}}},"10":{"name":"(anonymous_11)","decl":{"start":{"line":241,"column":12},"end":{"line":241,"column":19}},"loc":{"start":{"line":244,"column":27},"end":{"line":252,"column":3}}},"11":{"name":"(anonymous_12)","decl":{"start":{"line":260,"column":12},"end":{"line":260,"column":19}},"loc":{"start":{"line":260,"column":66},"end":{"line":266,"column":3}}},"12":{"name":"(anonymous_13)","decl":{"start":{"line":274,"column":12},"end":{"line":274,"column":36}},"loc":{"start":{"line":274,"column":51},"end":{"line":296,"column":3}}},"13":{"name":"(anonymous_14)","decl":{"start":{"line":304,"column":12},"end":{"line":304,"column":45}},"loc":{"start":{"line":304,"column":60},"end":{"line":332,"column":3}}},"14":{"name":"(anonymous_15)","decl":{"start":{"line":340,"column":12},"end":{"line":340,"column":26}},"loc":{"start":{"line":340,"column":70},"end":{"line":357,"column":3}}},"15":{"name":"(anonymous_16)","decl":{"start":{"line":343,"column":23},"end":{"line":343,"column":24}},"loc":{"start":{"line":343,"column":52},"end":{"line":350,"column":5}}},"16":{"name":"(anonymous_17)","decl":{"start":{"line":364,"column":12},"end":{"line":364,"column":27}},"loc":{"start":{"line":364,"column":40},"end":{"line":367,"column":3}}},"17":{"name":"(anonymous_18)","decl":{"start":{"line":374,"column":12},"end":{"line":374,"column":20}},"loc":{"start":{"line":374,"column":33},"end":{"line":414,"column":3}}},"18":{"name":"(anonymous_19)","decl":{"start":{"line":421,"column":12},"end":{"line":421,"column":22}},"loc":{"start":{"line":421,"column":35},"end":{"line":461,"column":3}}},"19":{"name":"(anonymous_20)","decl":{"start":{"line":469,"column":12},"end":{"line":469,"column":23}},"loc":{"start":{"line":469,"column":47},"end":{"line":472,"column":3}}},"20":{"name":"(anonymous_21)","decl":{"start":{"line":471,"column":46},"end":{"line":471,"column":47}},"loc":{"start":{"line":471,"column":65},"end":{"line":471,"column":93}}},"21":{"name":"(anonymous_22)","decl":{"start":{"line":479,"column":12},"end":{"line":479,"column":23}},"loc":{"start":{"line":479,"column":36},"end":{"line":495,"column":3}}},"22":{"name":"(anonymous_23)","decl":{"start":{"line":488,"column":51},"end":{"line":488,"column":52}},"loc":{"start":{"line":488,"column":68},"end":{"line":488,"column":99}}},"23":{"name":"(anonymous_24)","decl":{"start":{"line":502,"column":12},"end":{"line":502,"column":20}},"loc":{"start":{"line":502,"column":38},"end":{"line":511,"column":3}}},"24":{"name":"(anonymous_25)","decl":{"start":{"line":507,"column":22},"end":{"line":507,"column":26}},"loc":{"start":{"line":508,"column":6},"end":{"line":509,"column":93}}},"25":{"name":"(anonymous_26)","decl":{"start":{"line":518,"column":12},"end":{"line":518,"column":22}},"loc":{"start":{"line":518,"column":35},"end":{"line":521,"column":3}}},"26":{"name":"(anonymous_27)","decl":{"start":{"line":528,"column":12},"end":{"line":528,"column":31}},"loc":{"start":{"line":528,"column":44},"end":{"line":540,"column":3}}}},"branchMap":{"0":{"loc":{"start":{"line":51,"column":4},"end":{"line":51,"column":26}},"type":"default-arg","locations":[{"start":{"line":51,"column":24},"end":{"line":51,"column":26}}]},"1":{"loc":{"start":{"line":52,"column":4},"end":{"line":52,"column":22}},"type":"default-arg","locations":[{"start":{"line":52,"column":20},"end":{"line":52,"column":22}}]},"2":{"loc":{"start":{"line":53,"column":4},"end":{"line":53,"column":25}},"type":"default-arg","locations":[{"start":{"line":53,"column":23},"end":{"line":53,"column":25}}]},"3":{"loc":{"start":{"line":67,"column":18},"end":{"line":67,"column":60}},"type":"binary-expr","locations":[{"start":{"line":67,"column":18},"end":{"line":67,"column":24}},{"start":{"line":67,"column":28},"end":{"line":67,"column":60}}]},"4":{"loc":{"start":{"line":80,"column":4},"end":{"line":83,"column":5}},"type":"if","locations":[{"start":{"line":80,"column":4},"end":{"line":83,"column":5}}]},"5":{"loc":{"start":{"line":80,"column":8},"end":{"line":80,"column":78}},"type":"binary-expr","locations":[{"start":{"line":80,"column":8},"end":{"line":80,"column":34}},{"start":{"line":80,"column":38},"end":{"line":80,"column":78}}]},"6":{"loc":{"start":{"line":87,"column":6},"end":{"line":90,"column":7}},"type":"if","locations":[{"start":{"line":87,"column":6},"end":{"line":90,"column":7}}]},"7":{"loc":{"start":{"line":87,"column":10},"end":{"line":87,"column":72}},"type":"binary-expr","locations":[{"start":{"line":87,"column":10},"end":{"line":87,"column":32}},{"start":{"line":87,"column":36},"end":{"line":87,"column":72}}]},"8":{"loc":{"start":{"line":103,"column":4},"end":{"line":105,"column":5}},"type":"if","locations":[{"start":{"line":103,"column":4},"end":{"line":105,"column":5}}]},"9":{"loc":{"start":{"line":103,"column":8},"end":{"line":103,"column":64}},"type":"binary-expr","locations":[{"start":{"line":103,"column":8},"end":{"line":103,"column":27}},{"start":{"line":103,"column":31},"end":{"line":103,"column":64}}]},"10":{"loc":{"start":{"line":109,"column":6},"end":{"line":111,"column":7}},"type":"if","locations":[{"start":{"line":109,"column":6},"end":{"line":111,"column":7}}]},"11":{"loc":{"start":{"line":109,"column":10},"end":{"line":109,"column":58}},"type":"binary-expr","locations":[{"start":{"line":109,"column":10},"end":{"line":109,"column":25}},{"start":{"line":109,"column":29},"end":{"line":109,"column":58}}]},"12":{"loc":{"start":{"line":116,"column":11},"end":{"line":116,"column":26}},"type":"binary-expr","locations":[{"start":{"line":116,"column":11},"end":{"line":116,"column":20}},{"start":{"line":116,"column":24},"end":{"line":116,"column":26}}]},"13":{"loc":{"start":{"line":141,"column":71},"end":{"line":141,"column":109}},"type":"cond-expr","locations":[{"start":{"line":141,"column":88},"end":{"line":141,"column":97}},{"start":{"line":141,"column":100},"end":{"line":141,"column":109}}]},"14":{"loc":{"start":{"line":167,"column":4},"end":{"line":169,"column":5}},"type":"if","locations":[{"start":{"line":167,"column":4},"end":{"line":169,"column":5}}]},"15":{"loc":{"start":{"line":172,"column":4},"end":{"line":174,"column":5}},"type":"if","locations":[{"start":{"line":172,"column":4},"end":{"line":174,"column":5}}]},"16":{"loc":{"start":{"line":189,"column":4},"end":{"line":198,"column":5}},"type":"if","locations":[{"start":{"line":189,"column":4},"end":{"line":198,"column":5}},{"start":{"line":191,"column":11},"end":{"line":198,"column":5}}]},"17":{"loc":{"start":{"line":193,"column":8},"end":{"line":196,"column":9}},"type":"if","locations":[{"start":{"line":193,"column":8},"end":{"line":196,"column":9}}]},"18":{"loc":{"start":{"line":202,"column":4},"end":{"line":204,"column":5}},"type":"if","locations":[{"start":{"line":202,"column":4},"end":{"line":204,"column":5}}]},"19":{"loc":{"start":{"line":214,"column":6},"end":{"line":223,"column":7}},"type":"if","locations":[{"start":{"line":214,"column":6},"end":{"line":223,"column":7}},{"start":{"line":216,"column":13},"end":{"line":223,"column":7}}]},"20":{"loc":{"start":{"line":216,"column":13},"end":{"line":223,"column":7}},"type":"if","locations":[{"start":{"line":216,"column":13},"end":{"line":223,"column":7}},{"start":{"line":221,"column":13},"end":{"line":223,"column":7}}]},"21":{"loc":{"start":{"line":216,"column":17},"end":{"line":216,"column":42}},"type":"binary-expr","locations":[{"start":{"line":216,"column":17},"end":{"line":216,"column":29}},{"start":{"line":216,"column":33},"end":{"line":216,"column":42}}]},"22":{"loc":{"start":{"line":217,"column":8},"end":{"line":220,"column":9}},"type":"if","locations":[{"start":{"line":217,"column":8},"end":{"line":220,"column":9}}]},"23":{"loc":{"start":{"line":226,"column":4},"end":{"line":228,"column":5}},"type":"if","locations":[{"start":{"line":226,"column":4},"end":{"line":228,"column":5}}]},"24":{"loc":{"start":{"line":243,"column":4},"end":{"line":243,"column":32}},"type":"default-arg","locations":[{"start":{"line":243,"column":28},"end":{"line":243,"column":32}}]},"25":{"loc":{"start":{"line":244,"column":4},"end":{"line":244,"column":27}},"type":"default-arg","locations":[{"start":{"line":244,"column":26},"end":{"line":244,"column":27}}]},"26":{"loc":{"start":{"line":260,"column":37},"end":{"line":260,"column":66}},"type":"default-arg","locations":[{"start":{"line":260,"column":61},"end":{"line":260,"column":66}}]},"27":{"loc":{"start":{"line":275,"column":4},"end":{"line":277,"column":5}},"type":"if","locations":[{"start":{"line":275,"column":4},"end":{"line":277,"column":5}}]},"28":{"loc":{"start":{"line":284,"column":4},"end":{"line":289,"column":5}},"type":"if","locations":[{"start":{"line":284,"column":4},"end":{"line":289,"column":5}}]},"29":{"loc":{"start":{"line":309,"column":4},"end":{"line":311,"column":5}},"type":"if","locations":[{"start":{"line":309,"column":4},"end":{"line":311,"column":5}}]},"30":{"loc":{"start":{"line":318,"column":4},"end":{"line":324,"column":5}},"type":"if","locations":[{"start":{"line":318,"column":4},"end":{"line":324,"column":5}}]},"31":{"loc":{"start":{"line":340,"column":44},"end":{"line":340,"column":70}},"type":"default-arg","locations":[{"start":{"line":340,"column":66},"end":{"line":340,"column":70}}]},"32":{"loc":{"start":{"line":341,"column":4},"end":{"line":341,"column":38}},"type":"if","locations":[{"start":{"line":341,"column":4},"end":{"line":341,"column":38}}]},"33":{"loc":{"start":{"line":344,"column":6},"end":{"line":344,"column":27}},"type":"if","locations":[{"start":{"line":344,"column":6},"end":{"line":344,"column":27}}]},"34":{"loc":{"start":{"line":345,"column":6},"end":{"line":345,"column":35}},"type":"if","locations":[{"start":{"line":345,"column":6},"end":{"line":345,"column":35}}]},"35":{"loc":{"start":{"line":348,"column":22},"end":{"line":348,"column":80}},"type":"cond-expr","locations":[{"start":{"line":348,"column":70},"end":{"line":348,"column":74}},{"start":{"line":348,"column":77},"end":{"line":348,"column":80}}]},"36":{"loc":{"start":{"line":348,"column":38},"end":{"line":348,"column":66}},"type":"binary-expr","locations":[{"start":{"line":348,"column":38},"end":{"line":348,"column":60}},{"start":{"line":348,"column":64},"end":{"line":348,"column":66}}]},"37":{"loc":{"start":{"line":352,"column":4},"end":{"line":352,"column":56}},"type":"if","locations":[{"start":{"line":352,"column":4},"end":{"line":352,"column":56}}]},"38":{"loc":{"start":{"line":353,"column":4},"end":{"line":353,"column":89}},"type":"if","locations":[{"start":{"line":353,"column":4},"end":{"line":353,"column":89}}]},"39":{"loc":{"start":{"line":381,"column":6},"end":{"line":383,"column":7}},"type":"if","locations":[{"start":{"line":381,"column":6},"end":{"line":383,"column":7}}]},"40":{"loc":{"start":{"line":381,"column":10},"end":{"line":381,"column":51}},"type":"binary-expr","locations":[{"start":{"line":381,"column":10},"end":{"line":381,"column":14}},{"start":{"line":381,"column":18},"end":{"line":381,"column":51}}]},"41":{"loc":{"start":{"line":390,"column":6},"end":{"line":392,"column":7}},"type":"if","locations":[{"start":{"line":390,"column":6},"end":{"line":392,"column":7}}]},"42":{"loc":{"start":{"line":390,"column":10},"end":{"line":390,"column":51}},"type":"binary-expr","locations":[{"start":{"line":390,"column":10},"end":{"line":390,"column":14}},{"start":{"line":390,"column":18},"end":{"line":390,"column":51}}]},"43":{"loc":{"start":{"line":398,"column":6},"end":{"line":410,"column":7}},"type":"if","locations":[{"start":{"line":398,"column":6},"end":{"line":410,"column":7}}]},"44":{"loc":{"start":{"line":398,"column":10},"end":{"line":398,"column":53}},"type":"binary-expr","locations":[{"start":{"line":398,"column":10},"end":{"line":398,"column":19}},{"start":{"line":398,"column":23},"end":{"line":398,"column":53}}]},"45":{"loc":{"start":{"line":400,"column":23},"end":{"line":400,"column":84}},"type":"binary-expr","locations":[{"start":{"line":400,"column":23},"end":{"line":400,"column":46}},{"start":{"line":400,"column":51},"end":{"line":400,"column":75}},{"start":{"line":400,"column":79},"end":{"line":400,"column":84}}]},"46":{"loc":{"start":{"line":401,"column":8},"end":{"line":409,"column":9}},"type":"if","locations":[{"start":{"line":401,"column":8},"end":{"line":409,"column":9}}]},"47":{"loc":{"start":{"line":405,"column":12},"end":{"line":407,"column":13}},"type":"if","locations":[{"start":{"line":405,"column":12},"end":{"line":407,"column":13}}]},"48":{"loc":{"start":{"line":405,"column":16},"end":{"line":405,"column":71}},"type":"binary-expr","locations":[{"start":{"line":405,"column":16},"end":{"line":405,"column":27}},{"start":{"line":405,"column":31},"end":{"line":405,"column":71}}]},"49":{"loc":{"start":{"line":429,"column":6},"end":{"line":431,"column":7}},"type":"if","locations":[{"start":{"line":429,"column":6},"end":{"line":431,"column":7}}]},"50":{"loc":{"start":{"line":429,"column":10},"end":{"line":429,"column":51}},"type":"binary-expr","locations":[{"start":{"line":429,"column":10},"end":{"line":429,"column":14}},{"start":{"line":429,"column":18},"end":{"line":429,"column":51}}]},"51":{"loc":{"start":{"line":437,"column":6},"end":{"line":449,"column":7}},"type":"if","locations":[{"start":{"line":437,"column":6},"end":{"line":449,"column":7}}]},"52":{"loc":{"start":{"line":437,"column":10},"end":{"line":437,"column":53}},"type":"binary-expr","locations":[{"start":{"line":437,"column":10},"end":{"line":437,"column":19}},{"start":{"line":437,"column":23},"end":{"line":437,"column":53}}]},"53":{"loc":{"start":{"line":439,"column":23},"end":{"line":439,"column":84}},"type":"binary-expr","locations":[{"start":{"line":439,"column":23},"end":{"line":439,"column":46}},{"start":{"line":439,"column":51},"end":{"line":439,"column":75}},{"start":{"line":439,"column":79},"end":{"line":439,"column":84}}]},"54":{"loc":{"start":{"line":440,"column":8},"end":{"line":448,"column":9}},"type":"if","locations":[{"start":{"line":440,"column":8},"end":{"line":448,"column":9}}]},"55":{"loc":{"start":{"line":444,"column":12},"end":{"line":446,"column":13}},"type":"if","locations":[{"start":{"line":444,"column":12},"end":{"line":446,"column":13}}]},"56":{"loc":{"start":{"line":444,"column":16},"end":{"line":444,"column":71}},"type":"binary-expr","locations":[{"start":{"line":444,"column":16},"end":{"line":444,"column":27}},{"start":{"line":444,"column":31},"end":{"line":444,"column":71}}]},"57":{"loc":{"start":{"line":455,"column":6},"end":{"line":457,"column":7}},"type":"if","locations":[{"start":{"line":455,"column":6},"end":{"line":457,"column":7}}]},"58":{"loc":{"start":{"line":455,"column":10},"end":{"line":455,"column":51}},"type":"binary-expr","locations":[{"start":{"line":455,"column":10},"end":{"line":455,"column":14}},{"start":{"line":455,"column":18},"end":{"line":455,"column":51}}]},"59":{"loc":{"start":{"line":470,"column":11},"end":{"line":471,"column":95}},"type":"binary-expr","locations":[{"start":{"line":470,"column":11},"end":{"line":470,"column":43}},{"start":{"line":471,"column":12},"end":{"line":471,"column":24}},{"start":{"line":471,"column":28},"end":{"line":471,"column":94}}]},"60":{"loc":{"start":{"line":486,"column":6},"end":{"line":491,"column":7}},"type":"if","locations":[{"start":{"line":486,"column":6},"end":{"line":491,"column":7}}]},"61":{"loc":{"start":{"line":486,"column":10},"end":{"line":488,"column":null}},"type":"binary-expr","locations":[{"start":{"line":486,"column":10},"end":{"line":486,"column":17}},{"start":{"line":487,"column":8},"end":{"line":487,"column":48}},{"start":{"line":488,"column":9},"end":{"line":488,"column":25}},{"start":{"line":488,"column":29},"end":{"line":488,"column":100}}]},"62":{"loc":{"start":{"line":508,"column":6},"end":{"line":509,"column":93}},"type":"binary-expr","locations":[{"start":{"line":508,"column":6},"end":{"line":508,"column":53}},{"start":{"line":509,"column":7},"end":{"line":509,"column":62}},{"start":{"line":509,"column":66},"end":{"line":509,"column":92}}]},"63":{"loc":{"start":{"line":520,"column":11},"end":{"line":520,"column":69}},"type":"cond-expr","locations":[{"start":{"line":520,"column":59},"end":{"line":520,"column":63}},{"start":{"line":520,"column":66},"end":{"line":520,"column":69}}]},"64":{"loc":{"start":{"line":520,"column":27},"end":{"line":520,"column":55}},"type":"binary-expr","locations":[{"start":{"line":520,"column":27},"end":{"line":520,"column":49}},{"start":{"line":520,"column":53},"end":{"line":520,"column":55}}]},"65":{"loc":{"start":{"line":534,"column":6},"end":{"line":536,"column":7}},"type":"if","locations":[{"start":{"line":534,"column":6},"end":{"line":536,"column":7}}]},"66":{"loc":{"start":{"line":534,"column":10},"end":{"line":534,"column":51}},"type":"binary-expr","locations":[{"start":{"line":534,"column":10},"end":{"line":534,"column":14}},{"start":{"line":534,"column":18},"end":{"line":534,"column":51}}]}},"s":{"0":1,"1":2,"2":2,"3":2,"4":2,"5":2,"6":2,"7":2,"8":2,"9":2,"10":2,"11":2,"12":2,"13":0,"14":0,"15":0,"16":0,"17":0,"18":0,"19":0,"20":0,"21":0,"22":0,"23":0,"24":0,"25":0,"26":0,"27":0,"28":0,"29":0,"30":0,"31":0,"32":0,"33":0,"34":0,"35":0,"36":0,"37":0,"38":0,"39":0,"40":0,"41":2,"42":2,"43":2,"44":0,"45":0,"46":0,"47":0,"48":2,"49":2,"50":0,"51":2,"52":2,"53":2,"54":2,"55":2,"56":10,"57":10,"58":0,"59":10,"60":0,"61":0,"62":0,"63":10,"64":2,"65":2,"66":2,"67":2,"68":0,"69":0,"70":0,"71":0,"72":0,"73":0,"74":0,"75":0,"76":0,"77":0,"78":0,"79":0,"80":0,"81":0,"82":0,"83":0,"84":0,"85":0,"86":0,"87":0,"88":0,"89":0,"90":0,"91":0,"92":0,"93":0,"94":0,"95":0,"96":0,"97":0,"98":0,"99":0,"100":0,"101":0,"102":0,"103":0,"104":0,"105":0,"106":0,"107":0,"108":0,"109":0,"110":0,"111":0,"112":0,"113":0,"114":0,"115":0,"116":0,"117":0,"118":0,"119":0,"120":0,"121":0,"122":0,"123":2,"124":2,"125":2,"126":2,"127":6,"128":6,"129":2,"130":0,"131":0,"132":0,"133":0,"134":0,"135":0,"136":0,"137":0,"138":0,"139":0,"140":0,"141":0,"142":0,"143":0,"144":0,"145":6,"146":13,"147":0,"148":0,"149":0,"150":0,"151":0,"152":0,"153":0,"154":0,"155":0,"156":0,"157":0,"158":0,"159":0,"160":0,"161":0,"162":0,"163":0,"164":0,"165":0,"166":0,"167":0,"168":0,"169":0,"170":1},"f":{"0":2,"1":0,"2":0,"3":0,"4":0,"5":0,"6":0,"7":0,"8":0,"9":2,"10":2,"11":0,"12":0,"13":0,"14":0,"15":0,"16":0,"17":0,"18":2,"19":6,"20":13,"21":0,"22":0,"23":0,"24":0,"25":0,"26":0},"b":{"0":[0],"1":[0],"2":[0],"3":[2,2],"4":[0],"5":[0,0],"6":[0],"7":[0,0],"8":[0],"9":[0,0],"10":[0],"11":[0,0],"12":[0,0],"13":[0,0],"14":[0],"15":[0],"16":[2,0],"17":[0],"18":[0],"19":[0,10],"20":[0,10],"21":[10,0],"22":[0],"23":[2],"24":[0],"25":[0],"26":[0],"27":[0],"28":[0],"29":[0],"30":[0],"31":[0],"32":[0],"33":[0],"34":[0],"35":[0,0],"36":[0,0],"37":[0],"38":[0],"39":[0],"40":[0,0],"41":[0],"42":[0,0],"43":[0],"44":[0,0],"45":[0,0,0],"46":[0],"47":[0],"48":[0,0],"49":[2],"50":[6,6],"51":[0],"52":[0,0],"53":[0,0,0],"54":[0],"55":[0],"56":[0,0],"57":[0],"58":[0,0],"59":[6,6,6],"60":[0],"61":[0,0,0,0],"62":[0,0,0],"63":[0,0],"64":[0,0],"65":[0],"66":[0,0]}}
,"/Users/dirkkok/Development/zork/src/commands/LookCommand.ts": {"path":"/Users/dirkkok/Development/zork/src/commands/LookCommand.ts","statementMap":{"0":{"start":{"line":1,"column":0},"end":{"line":1,"column":44}},"1":{"start":{"line":37,"column":4},"end":{"line":50,"column":6}},"2":{"start":{"line":57,"column":4},"end":{"line":57,"column":34}},"3":{"start":{"line":59,"column":4},"end":{"line":101,"column":5}},"4":{"start":{"line":60,"column":19},"end":{"line":60,"column":38}},"5":{"start":{"line":61,"column":6},"end":{"line":61,"column":61}},"6":{"start":{"line":64,"column":6},"end":{"line":69,"column":7}},"7":{"start":{"line":65,"column":8},"end":{"line":65,"column":51}},"8":{"start":{"line":66,"column":23},"end":{"line":66,"column":40}},"9":{"start":{"line":67,"column":8},"end":{"line":67,"column":41}},"10":{"start":{"line":68,"column":8},"end":{"line":68,"column":22}},"11":{"start":{"line":72,"column":21},"end":{"line":72,"column":56}},"12":{"start":{"line":73,"column":6},"end":{"line":73,"column":99}},"13":{"start":{"line":78,"column":6},"end":{"line":93,"column":7}},"14":{"start":{"line":80,"column":10},"end":{"line":80,"column":69}},"15":{"start":{"line":81,"column":10},"end":{"line":81,"column":46}},"16":{"start":{"line":82,"column":10},"end":{"line":82,"column":16}},"17":{"start":{"line":85,"column":10},"end":{"line":85,"column":69}},"18":{"start":{"line":86,"column":10},"end":{"line":86,"column":46}},"19":{"start":{"line":87,"column":10},"end":{"line":87,"column":16}},"20":{"start":{"line":90,"column":10},"end":{"line":90,"column":84}},"21":{"start":{"line":91,"column":10},"end":{"line":91,"column":46}},"22":{"start":{"line":92,"column":10},"end":{"line":92,"column":16}},"23":{"start":{"line":95,"column":6},"end":{"line":95,"column":39}},"24":{"start":{"line":96,"column":6},"end":{"line":96,"column":20}},"25":{"start":{"line":99,"column":6},"end":{"line":99,"column":52}},"26":{"start":{"line":100,"column":6},"end":{"line":100,"column":62}},"27":{"start":{"line":108,"column":27},"end":{"line":108,"column":59}},"28":{"start":{"line":109,"column":24},"end":{"line":109,"column":70}},"29":{"start":{"line":112,"column":25},"end":{"line":112,"column":67}},"30":{"start":{"line":113,"column":20},"end":{"line":113,"column":22}},"31":{"start":{"line":115,"column":4},"end":{"line":126,"column":5}},"32":{"start":{"line":116,"column":24},"end":{"line":121,"column":38}},"33":{"start":{"line":118,"column":23},"end":{"line":118,"column":63}},"34":{"start":{"line":119,"column":10},"end":{"line":119,"column":41}},"35":{"start":{"line":121,"column":24},"end":{"line":121,"column":37}},"36":{"start":{"line":123,"column":6},"end":{"line":125,"column":7}},"37":{"start":{"line":124,"column":8},"end":{"line":124,"column":78}},"38":{"start":{"line":129,"column":18},"end":{"line":129,"column":62}},"39":{"start":{"line":130,"column":20},"end":{"line":130,"column":22}},"40":{"start":{"line":132,"column":4},"end":{"line":135,"column":5}},"41":{"start":{"line":133,"column":24},"end":{"line":133,"column":57}},"42":{"start":{"line":133,"column":42},"end":{"line":133,"column":56}},"43":{"start":{"line":134,"column":6},"end":{"line":134,"column":55}},"44":{"start":{"line":137,"column":4},"end":{"line":137,"column":68}},"45":{"start":{"line":144,"column":4},"end":{"line":146,"column":5}},"46":{"start":{"line":145,"column":6},"end":{"line":145,"column":43}},"47":{"start":{"line":149,"column":17},"end":{"line":149,"column":38}},"48":{"start":{"line":150,"column":4},"end":{"line":153,"column":5}},"49":{"start":{"line":152,"column":6},"end":{"line":152,"column":75}},"50":{"start":{"line":156,"column":17},"end":{"line":156,"column":38}},"51":{"start":{"line":157,"column":4},"end":{"line":160,"column":5}},"52":{"start":{"line":158,"column":30},"end":{"line":158,"column":93}},"53":{"start":{"line":159,"column":6},"end":{"line":159,"column":50}},"54":{"start":{"line":163,"column":20},"end":{"line":163,"column":44}},"55":{"start":{"line":164,"column":4},"end":{"line":166,"column":5}},"56":{"start":{"line":165,"column":6},"end":{"line":165,"column":81}},"57":{"start":{"line":168,"column":4},"end":{"line":168,"column":61}},"58":{"start":{"line":175,"column":4},"end":{"line":177,"column":5}},"59":{"start":{"line":176,"column":6},"end":{"line":176,"column":43}},"60":{"start":{"line":179,"column":17},"end":{"line":179,"column":38}},"61":{"start":{"line":180,"column":4},"end":{"line":182,"column":5}},"62":{"start":{"line":181,"column":6},"end":{"line":181,"column":63}},"63":{"start":{"line":185,"column":4},"end":{"line":187,"column":5}},"64":{"start":{"line":186,"column":6},"end":{"line":186,"column":69}},"65":{"start":{"line":190,"column":4},"end":{"line":192,"column":5}},"66":{"start":{"line":191,"column":6},"end":{"line":191,"column":57}},"67":{"start":{"line":195,"column":4},"end":{"line":197,"column":5}},"68":{"start":{"line":196,"column":6},"end":{"line":196,"column":57}},"69":{"start":{"line":200,"column":21},"end":{"line":200,"column":61}},"70":{"start":{"line":202,"column":4},"end":{"line":204,"column":5}},"71":{"start":{"line":203,"column":6},"end":{"line":203,"column":63}},"72":{"start":{"line":207,"column":25},"end":{"line":209,"column":41}},"73":{"start":{"line":208,"column":21},"end":{"line":208,"column":51}},"74":{"start":{"line":209,"column":22},"end":{"line":209,"column":40}},"75":{"start":{"line":211,"column":22},"end":{"line":211,"column":58}},"76":{"start":{"line":211,"column":47},"end":{"line":211,"column":57}},"77":{"start":{"line":212,"column":26},"end":{"line":212,"column":56}},"78":{"start":{"line":214,"column":4},"end":{"line":214,"column":78}},"79":{"start":{"line":26,"column":0},"end":{"line":26,"column":13}}},"fnMap":{"0":{"name":"(anonymous_0)","decl":{"start":{"line":27,"column":2},"end":{"line":27,"column":null}},"loc":{"start":{"line":35,"column":23},"end":{"line":51,"column":3}}},"1":{"name":"(anonymous_1)","decl":{"start":{"line":56,"column":2},"end":{"line":56,"column":9}},"loc":{"start":{"line":56,"column":23},"end":{"line":102,"column":3}}},"2":{"name":"(anonymous_2)","decl":{"start":{"line":107,"column":10},"end":{"line":107,"column":20}},"loc":{"start":{"line":107,"column":20},"end":{"line":138,"column":3}}},"3":{"name":"(anonymous_3)","decl":{"start":{"line":117,"column":13},"end":{"line":117,"column":22}},"loc":{"start":{"line":117,"column":25},"end":{"line":120,"column":9}}},"4":{"name":"(anonymous_4)","decl":{"start":{"line":121,"column":16},"end":{"line":121,"column":20}},"loc":{"start":{"line":121,"column":24},"end":{"line":121,"column":37}}},"5":{"name":"(anonymous_5)","decl":{"start":{"line":133,"column":34},"end":{"line":133,"column":38}},"loc":{"start":{"line":133,"column":42},"end":{"line":133,"column":56}}},"6":{"name":"(anonymous_6)","decl":{"start":{"line":143,"column":10},"end":{"line":143,"column":16}},"loc":{"start":{"line":143,"column":50},"end":{"line":169,"column":3}}},"7":{"name":"(anonymous_7)","decl":{"start":{"line":174,"column":10},"end":{"line":174,"column":16}},"loc":{"start":{"line":174,"column":50},"end":{"line":215,"column":3}}},"8":{"name":"(anonymous_8)","decl":{"start":{"line":208,"column":11},"end":{"line":208,"column":17}},"loc":{"start":{"line":208,"column":21},"end":{"line":208,"column":51}}},"9":{"name":"(anonymous_9)","decl":{"start":{"line":209,"column":14},"end":{"line":209,"column":18}},"loc":{"start":{"line":209,"column":22},"end":{"line":209,"column":40}}},"10":{"name":"(anonymous_10)","decl":{"start":{"line":211,"column":39},"end":{"line":211,"column":43}},"loc":{"start":{"line":211,"column":47},"end":{"line":211,"column":57}}}},"branchMap":{"0":{"loc":{"start":{"line":64,"column":6},"end":{"line":69,"column":7}},"type":"if","locations":[{"start":{"line":64,"column":6},"end":{"line":69,"column":7}}]},"1":{"loc":{"start":{"line":64,"column":10},"end":{"line":64,"column":89}},"type":"binary-expr","locations":[{"start":{"line":64,"column":10},"end":{"line":64,"column":27}},{"start":{"line":64,"column":32},"end":{"line":64,"column":49}},{"start":{"line":64,"column":53},"end":{"line":64,"column":88}}]},"2":{"loc":{"start":{"line":78,"column":6},"end":{"line":93,"column":7}},"type":"switch","locations":[{"start":{"line":79,"column":8},"end":{"line":82,"column":16}},{"start":{"line":83,"column":8},"end":{"line":83,"column":18}},{"start":{"line":84,"column":8},"end":{"line":87,"column":16}},{"start":{"line":88,"column":8},"end":{"line":92,"column":16}}]},"3":{"loc":{"start":{"line":115,"column":4},"end":{"line":126,"column":5}},"type":"if","locations":[{"start":{"line":115,"column":4},"end":{"line":126,"column":5}}]},"4":{"loc":{"start":{"line":119,"column":17},"end":{"line":119,"column":40}},"type":"cond-expr","locations":[{"start":{"line":119,"column":24},"end":{"line":119,"column":33}},{"start":{"line":119,"column":36},"end":{"line":119,"column":40}}]},"5":{"loc":{"start":{"line":123,"column":6},"end":{"line":125,"column":7}},"type":"if","locations":[{"start":{"line":123,"column":6},"end":{"line":125,"column":7}}]},"6":{"loc":{"start":{"line":132,"column":4},"end":{"line":135,"column":5}},"type":"if","locations":[{"start":{"line":132,"column":4},"end":{"line":135,"column":5}}]},"7":{"loc":{"start":{"line":144,"column":4},"end":{"line":146,"column":5}},"type":"if","locations":[{"start":{"line":144,"column":4},"end":{"line":146,"column":5}}]},"8":{"loc":{"start":{"line":150,"column":4},"end":{"line":153,"column":5}},"type":"if","locations":[{"start":{"line":150,"column":4},"end":{"line":153,"column":5}}]},"9":{"loc":{"start":{"line":152,"column":26},"end":{"line":152,"column":66}},"type":"binary-expr","locations":[{"start":{"line":152,"column":26},"end":{"line":152,"column":42}},{"start":{"line":152,"column":46},"end":{"line":152,"column":66}}]},"10":{"loc":{"start":{"line":157,"column":4},"end":{"line":160,"column":5}},"type":"if","locations":[{"start":{"line":157,"column":4},"end":{"line":160,"column":5}}]},"11":{"loc":{"start":{"line":158,"column":30},"end":{"line":158,"column":93}},"type":"binary-expr","locations":[{"start":{"line":158,"column":30},"end":{"line":158,"column":46}},{"start":{"line":158,"column":50},"end":{"line":158,"column":93}}]},"12":{"loc":{"start":{"line":164,"column":4},"end":{"line":166,"column":5}},"type":"if","locations":[{"start":{"line":164,"column":4},"end":{"line":166,"column":5}}]},"13":{"loc":{"start":{"line":165,"column":26},"end":{"line":165,"column":72}},"type":"binary-expr","locations":[{"start":{"line":165,"column":26},"end":{"line":165,"column":45}},{"start":{"line":165,"column":49},"end":{"line":165,"column":72}}]},"14":{"loc":{"start":{"line":175,"column":4},"end":{"line":177,"column":5}},"type":"if","locations":[{"start":{"line":175,"column":4},"end":{"line":177,"column":5}}]},"15":{"loc":{"start":{"line":180,"column":4},"end":{"line":182,"column":5}},"type":"if","locations":[{"start":{"line":180,"column":4},"end":{"line":182,"column":5}}]},"16":{"loc":{"start":{"line":185,"column":4},"end":{"line":187,"column":5}},"type":"if","locations":[{"start":{"line":185,"column":4},"end":{"line":187,"column":5}}]},"17":{"loc":{"start":{"line":190,"column":4},"end":{"line":192,"column":5}},"type":"if","locations":[{"start":{"line":190,"column":4},"end":{"line":192,"column":5}}]},"18":{"loc":{"start":{"line":195,"column":4},"end":{"line":197,"column":5}},"type":"if","locations":[{"start":{"line":195,"column":4},"end":{"line":197,"column":5}}]},"19":{"loc":{"start":{"line":195,"column":8},"end":{"line":195,"column":51}},"type":"binary-expr","locations":[{"start":{"line":195,"column":8},"end":{"line":195,"column":35}},{"start":{"line":195,"column":39},"end":{"line":195,"column":51}}]},"20":{"loc":{"start":{"line":202,"column":4},"end":{"line":204,"column":5}},"type":"if","locations":[{"start":{"line":202,"column":4},"end":{"line":204,"column":5}}]}},"s":{"0":1,"1":1,"2":0,"3":0,"4":0,"5":0,"6":0,"7":0,"8":0,"9":0,"10":0,"11":0,"12":0,"13":0,"14":0,"15":0,"16":0,"17":0,"18":0,"19":0,"20":0,"21":0,"22":0,"23":0,"24":0,"25":0,"26":0,"27":0,"28":0,"29":0,"30":0,"31":0,"32":0,"33":0,"34":0,"35":0,"36":0,"37":0,"38":0,"39":0,"40":0,"41":0,"42":0,"43":0,"44":0,"45":0,"46":0,"47":0,"48":0,"49":0,"50":0,"51":0,"52":0,"53":0,"54":0,"55":0,"56":0,"57":0,"58":0,"59":0,"60":0,"61":0,"62":0,"63":0,"64":0,"65":0,"66":0,"67":0,"68":0,"69":0,"70":0,"71":0,"72":0,"73":0,"74":0,"75":0,"76":0,"77":0,"78":0,"79":1},"f":{"0":1,"1":0,"2":0,"3":0,"4":0,"5":0,"6":0,"7":0,"8":0,"9":0,"10":0},"b":{"0":[0],"1":[0,0,0],"2":[0,0,0,0],"3":[0],"4":[0,0],"5":[0],"6":[0],"7":[0],"8":[0],"9":[0,0],"10":[0],"11":[0,0],"12":[0],"13":[0,0],"14":[0],"15":[0],"16":[0],"17":[0],"18":[0],"19":[0,0],"20":[0]}}
,"/Users/dirkkok/Development/zork/src/commands/TakeCommand.ts": {"path":"/Users/dirkkok/Development/zork/src/commands/TakeCommand.ts","statementMap":{"0":{"start":{"line":1,"column":0},"end":{"line":1,"column":44}},"1":{"start":{"line":36,"column":4},"end":{"line":49,"column":6}},"2":{"start":{"line":56,"column":4},"end":{"line":56,"column":60}},"3":{"start":{"line":59,"column":23},"end":{"line":59,"column":50}},"4":{"start":{"line":60,"column":4},"end":{"line":62,"column":5}},"5":{"start":{"line":61,"column":6},"end":{"line":61,"column":40}},"6":{"start":{"line":65,"column":21},"end":{"line":65,"column":48}},"7":{"start":{"line":66,"column":4},"end":{"line":68,"column":5}},"8":{"start":{"line":67,"column":6},"end":{"line":67,"column":94}},"9":{"start":{"line":71,"column":4},"end":{"line":74,"column":5}},"10":{"start":{"line":72,"column":19},"end":{"line":72,"column":51}},"11":{"start":{"line":73,"column":6},"end":{"line":73,"column":65}},"12":{"start":{"line":77,"column":23},"end":{"line":77,"column":52}},"13":{"start":{"line":78,"column":4},"end":{"line":80,"column":5}},"14":{"start":{"line":79,"column":6},"end":{"line":79,"column":46}},"15":{"start":{"line":83,"column":28},"end":{"line":83,"column":65}},"16":{"start":{"line":86,"column":4},"end":{"line":86,"column":49}},"17":{"start":{"line":89,"column":23},"end":{"line":89,"column":55}},"18":{"start":{"line":90,"column":4},"end":{"line":94,"column":5}},"19":{"start":{"line":92,"column":6},"end":{"line":92,"column":60}},"20":{"start":{"line":93,"column":6},"end":{"line":93,"column":61}},"21":{"start":{"line":96,"column":4},"end":{"line":96,"column":53}},"22":{"start":{"line":103,"column":17},"end":{"line":103,"column":36}},"23":{"start":{"line":104,"column":4},"end":{"line":106,"column":5}},"24":{"start":{"line":105,"column":6},"end":{"line":105,"column":18}},"25":{"start":{"line":109,"column":4},"end":{"line":113,"column":5}},"26":{"start":{"line":110,"column":6},"end":{"line":110,"column":51}},"27":{"start":{"line":112,"column":6},"end":{"line":112,"column":42}},"28":{"start":{"line":120,"column":27},"end":{"line":120,"column":59}},"29":{"start":{"line":123,"column":26},"end":{"line":123,"column":72}},"30":{"start":{"line":124,"column":4},"end":{"line":128,"column":5}},"31":{"start":{"line":125,"column":6},"end":{"line":125,"column":75}},"32":{"start":{"line":127,"column":6},"end":{"line":127,"column":31}},"33":{"start":{"line":135,"column":27},"end":{"line":135,"column":59}},"34":{"start":{"line":138,"column":26},"end":{"line":138,"column":72}},"35":{"start":{"line":139,"column":4},"end":{"line":144,"column":5}},"36":{"start":{"line":140,"column":6},"end":{"line":140,"column":72}},"37":{"start":{"line":143,"column":6},"end":{"line":143,"column":61}},"38":{"start":{"line":151,"column":23},"end":{"line":151,"column":56}},"39":{"start":{"line":153,"column":4},"end":{"line":162,"column":5}},"40":{"start":{"line":154,"column":6},"end":{"line":161,"column":7}},"41":{"start":{"line":155,"column":26},"end":{"line":155,"column":61}},"42":{"start":{"line":156,"column":23},"end":{"line":156,"column":86}},"43":{"start":{"line":158,"column":8},"end":{"line":160,"column":9}},"44":{"start":{"line":159,"column":10},"end":{"line":159,"column":46}},"45":{"start":{"line":164,"column":4},"end":{"line":164,"column":16}},"46":{"start":{"line":171,"column":4},"end":{"line":176,"column":5}},"47":{"start":{"line":172,"column":6},"end":{"line":172,"column":62}},"48":{"start":{"line":174,"column":29},"end":{"line":174,"column":61}},"49":{"start":{"line":175,"column":6},"end":{"line":175,"column":56}},"50":{"start":{"line":25,"column":0},"end":{"line":25,"column":13}}},"fnMap":{"0":{"name":"(anonymous_0)","decl":{"start":{"line":26,"column":2},"end":{"line":26,"column":null}},"loc":{"start":{"line":34,"column":23},"end":{"line":50,"column":3}}},"1":{"name":"(anonymous_1)","decl":{"start":{"line":55,"column":2},"end":{"line":55,"column":9}},"loc":{"start":{"line":55,"column":23},"end":{"line":97,"column":3}}},"2":{"name":"(anonymous_2)","decl":{"start":{"line":102,"column":10},"end":{"line":102,"column":25}},"loc":{"start":{"line":102,"column":39},"end":{"line":114,"column":3}}},"3":{"name":"(anonymous_3)","decl":{"start":{"line":119,"column":10},"end":{"line":119,"column":32}},"loc":{"start":{"line":119,"column":47},"end":{"line":129,"column":3}}},"4":{"name":"(anonymous_4)","decl":{"start":{"line":134,"column":10},"end":{"line":134,"column":39}},"loc":{"start":{"line":134,"column":54},"end":{"line":145,"column":3}}},"5":{"name":"(anonymous_5)","decl":{"start":{"line":150,"column":10},"end":{"line":150,"column":27}},"loc":{"start":{"line":150,"column":59},"end":{"line":165,"column":3}}},"6":{"name":"(anonymous_6)","decl":{"start":{"line":170,"column":10},"end":{"line":170,"column":31}},"loc":{"start":{"line":170,"column":111},"end":{"line":177,"column":3}}}},"branchMap":{"0":{"loc":{"start":{"line":60,"column":4},"end":{"line":62,"column":5}},"type":"if","locations":[{"start":{"line":60,"column":4},"end":{"line":62,"column":5}}]},"1":{"loc":{"start":{"line":66,"column":4},"end":{"line":68,"column":5}},"type":"if","locations":[{"start":{"line":66,"column":4},"end":{"line":68,"column":5}}]},"2":{"loc":{"start":{"line":71,"column":4},"end":{"line":74,"column":5}},"type":"if","locations":[{"start":{"line":71,"column":4},"end":{"line":74,"column":5}}]},"3":{"loc":{"start":{"line":78,"column":4},"end":{"line":80,"column":5}},"type":"if","locations":[{"start":{"line":78,"column":4},"end":{"line":80,"column":5}}]},"4":{"loc":{"start":{"line":90,"column":4},"end":{"line":94,"column":5}},"type":"if","locations":[{"start":{"line":90,"column":4},"end":{"line":94,"column":5}}]},"5":{"loc":{"start":{"line":104,"column":4},"end":{"line":106,"column":5}},"type":"if","locations":[{"start":{"line":104,"column":4},"end":{"line":106,"column":5}}]},"6":{"loc":{"start":{"line":109,"column":4},"end":{"line":113,"column":5}},"type":"if","locations":[{"start":{"line":109,"column":4},"end":{"line":113,"column":5}},{"start":{"line":111,"column":11},"end":{"line":113,"column":5}}]},"7":{"loc":{"start":{"line":109,"column":8},"end":{"line":109,"column":43}},"type":"binary-expr","locations":[{"start":{"line":109,"column":8},"end":{"line":109,"column":24}},{"start":{"line":109,"column":28},"end":{"line":109,"column":43}}]},"8":{"loc":{"start":{"line":124,"column":4},"end":{"line":128,"column":5}},"type":"if","locations":[{"start":{"line":124,"column":4},"end":{"line":128,"column":5}},{"start":{"line":126,"column":11},"end":{"line":128,"column":5}}]},"9":{"loc":{"start":{"line":139,"column":4},"end":{"line":144,"column":5}},"type":"if","locations":[{"start":{"line":139,"column":4},"end":{"line":144,"column":5}},{"start":{"line":141,"column":11},"end":{"line":144,"column":5}}]},"10":{"loc":{"start":{"line":154,"column":6},"end":{"line":161,"column":7}},"type":"if","locations":[{"start":{"line":154,"column":6},"end":{"line":161,"column":7}}]},"11":{"loc":{"start":{"line":156,"column":23},"end":{"line":156,"column":86}},"type":"binary-expr","locations":[{"start":{"line":156,"column":23},"end":{"line":156,"column":47}},{"start":{"line":156,"column":52},"end":{"line":156,"column":77}},{"start":{"line":156,"column":81},"end":{"line":156,"column":86}}]},"12":{"loc":{"start":{"line":158,"column":8},"end":{"line":160,"column":9}},"type":"if","locations":[{"start":{"line":158,"column":8},"end":{"line":160,"column":9}}]},"13":{"loc":{"start":{"line":158,"column":12},"end":{"line":158,"column":83}},"type":"binary-expr","locations":[{"start":{"line":158,"column":12},"end":{"line":158,"column":18}},{"start":{"line":158,"column":22},"end":{"line":158,"column":83}}]},"14":{"loc":{"start":{"line":171,"column":4},"end":{"line":176,"column":5}},"type":"if","locations":[{"start":{"line":171,"column":4},"end":{"line":176,"column":5}},{"start":{"line":173,"column":11},"end":{"line":176,"column":5}}]},"15":{"loc":{"start":{"line":171,"column":8},"end":{"line":171,"column":61}},"type":"binary-expr","locations":[{"start":{"line":171,"column":8},"end":{"line":171,"column":37}},{"start":{"line":171,"column":41},"end":{"line":171,"column":61}}]}},"s":{"0":1,"1":1,"2":2,"3":2,"4":2,"5":0,"6":2,"7":2,"8":0,"9":2,"10":0,"11":0,"12":2,"13":2,"14":0,"15":2,"16":2,"17":2,"18":2,"19":0,"20":0,"21":2,"22":2,"23":2,"24":0,"25":2,"26":0,"27":2,"28":2,"29":2,"30":2,"31":0,"32":2,"33":2,"34":2,"35":2,"36":0,"37":2,"38":4,"39":4,"40":12,"41":4,"42":4,"43":4,"44":0,"45":4,"46":0,"47":0,"48":0,"49":0,"50":1},"f":{"0":1,"1":2,"2":2,"3":2,"4":2,"5":4,"6":0},"b":{"0":[0],"1":[0],"2":[0],"3":[0],"4":[0],"5":[0],"6":[0,2],"7":[2,0],"8":[0,2],"9":[0,2],"10":[4],"11":[4,4,4],"12":[0],"13":[4,0],"14":[0,0],"15":[0,0]}}
,"/Users/dirkkok/Development/zork/src/data_loaders/ItemDataLoader.ts": {"path":"/Users/dirkkok/Development/zork/src/data_loaders/ItemDataLoader.ts","statementMap":{"0":{"start":{"line":2,"column":0},"end":{"line":2,"column":32}},"1":{"start":{"line":4,"column":0},"end":{"line":4,"column":73}},"2":{"start":{"line":37,"column":8},"end":{"line":37,"column":33}},"3":{"start":{"line":38,"column":8},"end":{"line":38,"column":64}},"4":{"start":{"line":45,"column":26},"end":{"line":45,"column":36}},"5":{"start":{"line":46,"column":8},"end":{"line":46,"column":71}},"6":{"start":{"line":48,"column":22},"end":{"line":48,"column":44}},"7":{"start":{"line":49,"column":33},"end":{"line":49,"column":35}},"8":{"start":{"line":50,"column":27},"end":{"line":50,"column":45}},"9":{"start":{"line":51,"column":26},"end":{"line":51,"column":27}},"10":{"start":{"line":52,"column":25},"end":{"line":52,"column":26}},"11":{"start":{"line":54,"column":8},"end":{"line":73,"column":9}},"12":{"start":{"line":55,"column":12},"end":{"line":72,"column":13}},"13":{"start":{"line":56,"column":38},"end":{"line":56,"column":48}},"14":{"start":{"line":57,"column":29},"end":{"line":57,"column":66}},"15":{"start":{"line":58,"column":16},"end":{"line":58,"column":36}},"16":{"start":{"line":59,"column":16},"end":{"line":59,"column":30}},"17":{"start":{"line":61,"column":37},"end":{"line":61,"column":63}},"18":{"start":{"line":62,"column":16},"end":{"line":62,"column":98}},"19":{"start":{"line":65,"column":16},"end":{"line":67,"column":17}},"20":{"start":{"line":66,"column":20},"end":{"line":66,"column":93}},"21":{"start":{"line":69,"column":16},"end":{"line":69,"column":29}},"22":{"start":{"line":70,"column":16},"end":{"line":70,"column":82}},"23":{"start":{"line":75,"column":26},"end":{"line":75,"column":48}},"24":{"start":{"line":76,"column":8},"end":{"line":76,"column":113}},"25":{"start":{"line":78,"column":8},"end":{"line":80,"column":9}},"26":{"start":{"line":79,"column":12},"end":{"line":79,"column":70}},"27":{"start":{"line":82,"column":8},"end":{"line":82,"column":24}},"28":{"start":{"line":89,"column":8},"end":{"line":102,"column":9}},"29":{"start":{"line":91,"column":29},"end":{"line":91,"column":50}},"30":{"start":{"line":92,"column":12},"end":{"line":94,"column":13}},"31":{"start":{"line":93,"column":16},"end":{"line":93,"column":94}},"32":{"start":{"line":95,"column":12},"end":{"line":95,"column":35}},"33":{"start":{"line":98,"column":23},"end":{"line":98,"column":50}},"34":{"start":{"line":99,"column":25},"end":{"line":99,"column":45}},"35":{"start":{"line":100,"column":29},"end":{"line":100,"column":66}},"36":{"start":{"line":101,"column":12},"end":{"line":101,"column":50}},"37":{"start":{"line":109,"column":8},"end":{"line":123,"column":9}},"38":{"start":{"line":110,"column":29},"end":{"line":110,"column":57}},"39":{"start":{"line":111,"column":12},"end":{"line":111,"column":69}},"40":{"start":{"line":113,"column":32},"end":{"line":113,"column":68}},"41":{"start":{"line":114,"column":30},"end":{"line":114,"column":70}},"42":{"start":{"line":116,"column":12},"end":{"line":116,"column":46}},"43":{"start":{"line":117,"column":12},"end":{"line":117,"column":78}},"44":{"start":{"line":119,"column":12},"end":{"line":119,"column":29}},"45":{"start":{"line":121,"column":12},"end":{"line":121,"column":67}},"46":{"start":{"line":122,"column":12},"end":{"line":122,"column":67}},"47":{"start":{"line":130,"column":8},"end":{"line":145,"column":9}},"48":{"start":{"line":131,"column":28},"end":{"line":131,"column":57}},"49":{"start":{"line":132,"column":12},"end":{"line":132,"column":62}},"50":{"start":{"line":134,"column":32},"end":{"line":134,"column":67}},"51":{"start":{"line":135,"column":29},"end":{"line":135,"column":64}},"52":{"start":{"line":137,"column":12},"end":{"line":137,"column":44}},"53":{"start":{"line":138,"column":25},"end":{"line":138,"column":61}},"54":{"start":{"line":140,"column":12},"end":{"line":140,"column":87}},"55":{"start":{"line":141,"column":12},"end":{"line":141,"column":24}},"56":{"start":{"line":143,"column":12},"end":{"line":143,"column":78}},"57":{"start":{"line":144,"column":12},"end":{"line":144,"column":78}},"58":{"start":{"line":152,"column":8},"end":{"line":169,"column":10}},"59":{"start":{"line":176,"column":27},"end":{"line":176,"column":50}},"60":{"start":{"line":177,"column":8},"end":{"line":179,"column":9}},"61":{"start":{"line":178,"column":12},"end":{"line":178,"column":64}},"62":{"start":{"line":180,"column":8},"end":{"line":180,"column":38}},"63":{"start":{"line":187,"column":27},"end":{"line":187,"column":46}},"64":{"start":{"line":188,"column":8},"end":{"line":190,"column":9}},"65":{"start":{"line":189,"column":12},"end":{"line":189,"column":64}},"66":{"start":{"line":191,"column":8},"end":{"line":191,"column":34}},"67":{"start":{"line":198,"column":8},"end":{"line":222,"column":11}},"68":{"start":{"line":199,"column":44},"end":{"line":202,"column":14}},"69":{"start":{"line":204,"column":12},"end":{"line":206,"column":13}},"70":{"start":{"line":205,"column":16},"end":{"line":205,"column":78}},"71":{"start":{"line":208,"column":12},"end":{"line":210,"column":13}},"72":{"start":{"line":209,"column":16},"end":{"line":209,"column":69}},"73":{"start":{"line":213,"column":12},"end":{"line":215,"column":13}},"74":{"start":{"line":214,"column":16},"end":{"line":214,"column":61}},"75":{"start":{"line":217,"column":12},"end":{"line":219,"column":13}},"76":{"start":{"line":218,"column":16},"end":{"line":218,"column":53}},"77":{"start":{"line":221,"column":12},"end":{"line":221,"column":26}},"78":{"start":{"line":233,"column":8},"end":{"line":233,"column":25}},"79":{"start":{"line":244,"column":8},"end":{"line":244,"column":22}},"80":{"start":{"line":252,"column":43},"end":{"line":252,"column":45}},"81":{"start":{"line":255,"column":8},"end":{"line":257,"column":9}},"82":{"start":{"line":256,"column":12},"end":{"line":256,"column":49}},"83":{"start":{"line":258,"column":8},"end":{"line":260,"column":9}},"84":{"start":{"line":259,"column":12},"end":{"line":259,"column":51}},"85":{"start":{"line":261,"column":8},"end":{"line":263,"column":9}},"86":{"start":{"line":262,"column":12},"end":{"line":262,"column":69}},"87":{"start":{"line":264,"column":8},"end":{"line":266,"column":9}},"88":{"start":{"line":265,"column":12},"end":{"line":265,"column":57}},"89":{"start":{"line":267,"column":8},"end":{"line":269,"column":9}},"90":{"start":{"line":268,"column":12},"end":{"line":268,"column":57}},"91":{"start":{"line":270,"column":8},"end":{"line":272,"column":9}},"92":{"start":{"line":271,"column":12},"end":{"line":271,"column":61}},"93":{"start":{"line":273,"column":8},"end":{"line":275,"column":9}},"94":{"start":{"line":274,"column":12},"end":{"line":274,"column":61}},"95":{"start":{"line":278,"column":8},"end":{"line":282,"column":9}},"96":{"start":{"line":279,"column":12},"end":{"line":281,"column":13}},"97":{"start":{"line":280,"column":16},"end":{"line":280,"column":40}},"98":{"start":{"line":284,"column":8},"end":{"line":284,"column":26}},"99":{"start":{"line":291,"column":8},"end":{"line":293,"column":9}},"100":{"start":{"line":292,"column":12},"end":{"line":292,"column":60}},"101":{"start":{"line":294,"column":8},"end":{"line":296,"column":9}},"102":{"start":{"line":295,"column":12},"end":{"line":295,"column":64}},"103":{"start":{"line":297,"column":8},"end":{"line":299,"column":9}},"104":{"start":{"line":298,"column":12},"end":{"line":298,"column":65}},"105":{"start":{"line":306,"column":8},"end":{"line":308,"column":9}},"106":{"start":{"line":307,"column":12},"end":{"line":307,"column":59}},"107":{"start":{"line":310,"column":31},"end":{"line":314,"column":10}},"108":{"start":{"line":316,"column":8},"end":{"line":320,"column":9}},"109":{"start":{"line":317,"column":12},"end":{"line":319,"column":13}},"110":{"start":{"line":318,"column":16},"end":{"line":318,"column":78}},"111":{"start":{"line":322,"column":8},"end":{"line":324,"column":9}},"112":{"start":{"line":323,"column":12},"end":{"line":323,"column":66}},"113":{"start":{"line":325,"column":8},"end":{"line":327,"column":9}},"114":{"start":{"line":326,"column":12},"end":{"line":326,"column":61}},"115":{"start":{"line":328,"column":8},"end":{"line":330,"column":9}},"116":{"start":{"line":329,"column":12},"end":{"line":329,"column":58}},"117":{"start":{"line":331,"column":8},"end":{"line":333,"column":9}},"118":{"start":{"line":332,"column":12},"end":{"line":332,"column":66}},"119":{"start":{"line":27,"column":0},"end":{"line":27,"column":13}}},"fnMap":{"0":{"name":"(anonymous_9)","decl":{"start":{"line":36,"column":4},"end":{"line":36,"column":16}},"loc":{"start":{"line":36,"column":65},"end":{"line":39,"column":5}}},"1":{"name":"(anonymous_10)","decl":{"start":{"line":44,"column":11},"end":{"line":44,"column":16}},"loc":{"start":{"line":44,"column":29},"end":{"line":83,"column":5}}},"2":{"name":"(anonymous_11)","decl":{"start":{"line":88,"column":12},"end":{"line":88,"column":17}},"loc":{"start":{"line":88,"column":50},"end":{"line":103,"column":5}}},"3":{"name":"(anonymous_12)","decl":{"start":{"line":98,"column":23},"end":{"line":98,"column":36}},"loc":{"start":{"line":98,"column":23},"end":{"line":98,"column":50}}},"4":{"name":"(anonymous_13)","decl":{"start":{"line":99,"column":25},"end":{"line":99,"column":38}},"loc":{"start":{"line":99,"column":25},"end":{"line":99,"column":45}}},"5":{"name":"(anonymous_14)","decl":{"start":{"line":108,"column":12},"end":{"line":108,"column":17}},"loc":{"start":{"line":108,"column":27},"end":{"line":124,"column":5}}},"6":{"name":"(anonymous_15)","decl":{"start":{"line":129,"column":12},"end":{"line":129,"column":17}},"loc":{"start":{"line":129,"column":51},"end":{"line":146,"column":5}}},"7":{"name":"(anonymous_16)","decl":{"start":{"line":151,"column":12},"end":{"line":151,"column":33}},"loc":{"start":{"line":151,"column":52},"end":{"line":170,"column":5}}},"8":{"name":"(anonymous_17)","decl":{"start":{"line":175,"column":12},"end":{"line":175,"column":25}},"loc":{"start":{"line":175,"column":44},"end":{"line":181,"column":5}}},"9":{"name":"(anonymous_18)","decl":{"start":{"line":186,"column":12},"end":{"line":186,"column":21}},"loc":{"start":{"line":186,"column":40},"end":{"line":192,"column":5}}},"10":{"name":"(anonymous_19)","decl":{"start":{"line":197,"column":12},"end":{"line":197,"column":29}},"loc":{"start":{"line":197,"column":68},"end":{"line":223,"column":5}}},"11":{"name":"(anonymous_20)","decl":{"start":{"line":198,"column":35},"end":{"line":198,"column":46}},"loc":{"start":{"line":198,"column":49},"end":{"line":222,"column":9}}},"12":{"name":"(anonymous_21)","decl":{"start":{"line":230,"column":12},"end":{"line":230,"column":26}},"loc":{"start":{"line":230,"column":44},"end":{"line":234,"column":5}}},"13":{"name":"(anonymous_22)","decl":{"start":{"line":241,"column":12},"end":{"line":241,"column":23}},"loc":{"start":{"line":241,"column":38},"end":{"line":245,"column":5}}},"14":{"name":"(anonymous_23)","decl":{"start":{"line":251,"column":12},"end":{"line":251,"column":29}},"loc":{"start":{"line":251,"column":64},"end":{"line":285,"column":5}}},"15":{"name":"(anonymous_24)","decl":{"start":{"line":290,"column":12},"end":{"line":290,"column":29}},"loc":{"start":{"line":290,"column":39},"end":{"line":300,"column":5}}},"16":{"name":"(anonymous_25)","decl":{"start":{"line":305,"column":12},"end":{"line":305,"column":28}},"loc":{"start":{"line":305,"column":38},"end":{"line":334,"column":5}}}},"branchMap":{"0":{"loc":{"start":{"line":36,"column":16},"end":{"line":36,"column":44}},"type":"default-arg","locations":[{"start":{"line":36,"column":35},"end":{"line":36,"column":44}}]},"1":{"loc":{"start":{"line":38,"column":22},"end":{"line":38,"column":63}},"type":"binary-expr","locations":[{"start":{"line":38,"column":22},"end":{"line":38,"column":28}},{"start":{"line":38,"column":32},"end":{"line":38,"column":63}}]},"2":{"loc":{"start":{"line":65,"column":16},"end":{"line":67,"column":17}},"type":"if","locations":[{"start":{"line":65,"column":16},"end":{"line":67,"column":17}}]},"3":{"loc":{"start":{"line":78,"column":8},"end":{"line":80,"column":9}},"type":"if","locations":[{"start":{"line":78,"column":8},"end":{"line":80,"column":9}}]},"4":{"loc":{"start":{"line":89,"column":8},"end":{"line":102,"column":9}},"type":"if","locations":[{"start":{"line":89,"column":8},"end":{"line":102,"column":9}},{"start":{"line":96,"column":15},"end":{"line":102,"column":9}}]},"5":{"loc":{"start":{"line":92,"column":12},"end":{"line":94,"column":13}},"type":"if","locations":[{"start":{"line":92,"column":12},"end":{"line":94,"column":13}}]},"6":{"loc":{"start":{"line":177,"column":8},"end":{"line":179,"column":9}},"type":"if","locations":[{"start":{"line":177,"column":8},"end":{"line":179,"column":9}}]},"7":{"loc":{"start":{"line":188,"column":8},"end":{"line":190,"column":9}},"type":"if","locations":[{"start":{"line":188,"column":8},"end":{"line":190,"column":9}}]},"8":{"loc":{"start":{"line":204,"column":12},"end":{"line":206,"column":13}},"type":"if","locations":[{"start":{"line":204,"column":12},"end":{"line":206,"column":13}}]},"9":{"loc":{"start":{"line":208,"column":12},"end":{"line":210,"column":13}},"type":"if","locations":[{"start":{"line":208,"column":12},"end":{"line":210,"column":13}}]},"10":{"loc":{"start":{"line":213,"column":12},"end":{"line":215,"column":13}},"type":"if","locations":[{"start":{"line":213,"column":12},"end":{"line":215,"column":13}}]},"11":{"loc":{"start":{"line":217,"column":12},"end":{"line":219,"column":13}},"type":"if","locations":[{"start":{"line":217,"column":12},"end":{"line":219,"column":13}}]},"12":{"loc":{"start":{"line":255,"column":8},"end":{"line":257,"column":9}},"type":"if","locations":[{"start":{"line":255,"column":8},"end":{"line":257,"column":9}}]},"13":{"loc":{"start":{"line":258,"column":8},"end":{"line":260,"column":9}},"type":"if","locations":[{"start":{"line":258,"column":8},"end":{"line":260,"column":9}}]},"14":{"loc":{"start":{"line":261,"column":8},"end":{"line":263,"column":9}},"type":"if","locations":[{"start":{"line":261,"column":8},"end":{"line":263,"column":9}}]},"15":{"loc":{"start":{"line":264,"column":8},"end":{"line":266,"column":9}},"type":"if","locations":[{"start":{"line":264,"column":8},"end":{"line":266,"column":9}}]},"16":{"loc":{"start":{"line":267,"column":8},"end":{"line":269,"column":9}},"type":"if","locations":[{"start":{"line":267,"column":8},"end":{"line":269,"column":9}}]},"17":{"loc":{"start":{"line":270,"column":8},"end":{"line":272,"column":9}},"type":"if","locations":[{"start":{"line":270,"column":8},"end":{"line":272,"column":9}}]},"18":{"loc":{"start":{"line":273,"column":8},"end":{"line":275,"column":9}},"type":"if","locations":[{"start":{"line":273,"column":8},"end":{"line":275,"column":9}}]},"19":{"loc":{"start":{"line":279,"column":12},"end":{"line":281,"column":13}},"type":"if","locations":[{"start":{"line":279,"column":12},"end":{"line":281,"column":13}}]},"20":{"loc":{"start":{"line":291,"column":8},"end":{"line":293,"column":9}},"type":"if","locations":[{"start":{"line":291,"column":8},"end":{"line":293,"column":9}}]},"21":{"loc":{"start":{"line":291,"column":12},"end":{"line":291,"column":45}},"type":"binary-expr","locations":[{"start":{"line":291,"column":12},"end":{"line":291,"column":17}},{"start":{"line":291,"column":21},"end":{"line":291,"column":45}}]},"22":{"loc":{"start":{"line":294,"column":8},"end":{"line":296,"column":9}},"type":"if","locations":[{"start":{"line":294,"column":8},"end":{"line":296,"column":9}}]},"23":{"loc":{"start":{"line":297,"column":8},"end":{"line":299,"column":9}},"type":"if","locations":[{"start":{"line":297,"column":8},"end":{"line":299,"column":9}}]},"24":{"loc":{"start":{"line":306,"column":8},"end":{"line":308,"column":9}},"type":"if","locations":[{"start":{"line":306,"column":8},"end":{"line":308,"column":9}}]},"25":{"loc":{"start":{"line":306,"column":12},"end":{"line":306,"column":45}},"type":"binary-expr","locations":[{"start":{"line":306,"column":12},"end":{"line":306,"column":17}},{"start":{"line":306,"column":21},"end":{"line":306,"column":45}}]},"26":{"loc":{"start":{"line":317,"column":12},"end":{"line":319,"column":13}},"type":"if","locations":[{"start":{"line":317,"column":12},"end":{"line":319,"column":13}}]},"27":{"loc":{"start":{"line":322,"column":8},"end":{"line":324,"column":9}},"type":"if","locations":[{"start":{"line":322,"column":8},"end":{"line":324,"column":9}}]},"28":{"loc":{"start":{"line":322,"column":12},"end":{"line":322,"column":51}},"type":"binary-expr","locations":[{"start":{"line":322,"column":12},"end":{"line":322,"column":39}},{"start":{"line":322,"column":43},"end":{"line":322,"column":51}}]},"29":{"loc":{"start":{"line":325,"column":8},"end":{"line":327,"column":9}},"type":"if","locations":[{"start":{"line":325,"column":8},"end":{"line":327,"column":9}}]},"30":{"loc":{"start":{"line":328,"column":8},"end":{"line":330,"column":9}},"type":"if","locations":[{"start":{"line":328,"column":8},"end":{"line":330,"column":9}}]},"31":{"loc":{"start":{"line":331,"column":8},"end":{"line":333,"column":9}},"type":"if","locations":[{"start":{"line":331,"column":8},"end":{"line":333,"column":9}}]}},"s":{"0":1,"1":1,"2":1,"3":1,"4":1,"5":1,"6":1,"7":1,"8":1,"9":1,"10":1,"11":1,"12":214,"13":214,"14":214,"15":214,"16":214,"17":214,"18":214,"19":214,"20":4,"21":0,"22":0,"23":1,"24":1,"25":1,"26":0,"27":1,"28":215,"29":0,"30":0,"31":0,"32":0,"33":430,"34":430,"35":215,"36":215,"37":1,"38":1,"39":1,"40":1,"41":1,"42":1,"43":1,"44":1,"45":0,"46":0,"47":214,"48":214,"49":214,"50":214,"51":214,"52":214,"53":214,"54":214,"55":214,"56":0,"57":0,"58":214,"59":214,"60":214,"61":0,"62":214,"63":214,"64":214,"65":0,"66":214,"67":214,"68":449,"69":449,"70":94,"71":449,"72":94,"73":449,"74":0,"75":449,"76":0,"77":449,"78":94,"79":94,"80":214,"81":214,"82":76,"83":214,"84":30,"85":214,"86":32,"87":214,"88":32,"89":214,"90":0,"91":214,"92":3,"93":214,"94":1,"95":214,"96":269,"97":95,"98":214,"99":1,"100":0,"101":1,"102":0,"103":1,"104":0,"105":214,"106":0,"107":214,"108":214,"109":3210,"110":0,"111":214,"112":0,"113":214,"114":0,"115":214,"116":0,"117":214,"118":0,"119":1},"f":{"0":1,"1":1,"2":215,"3":215,"4":215,"5":1,"6":214,"7":214,"8":214,"9":214,"10":214,"11":449,"12":94,"13":94,"14":214,"15":1,"16":214},"b":{"0":[0],"1":[1,0],"2":[4],"3":[0],"4":[0,215],"5":[0],"6":[0],"7":[0],"8":[94],"9":[94],"10":[0],"11":[0],"12":[76],"13":[30],"14":[32],"15":[32],"16":[0],"17":[3],"18":[1],"19":[95],"20":[0],"21":[1,1],"22":[0],"23":[0],"24":[0],"25":[214,214],"26":[0],"27":[0],"28":[214,214],"29":[0],"30":[0],"31":[0]}}
,"/Users/dirkkok/Development/zork/src/data_loaders/MonsterDataLoader.ts": {"path":"/Users/dirkkok/Development/zork/src/data_loaders/MonsterDataLoader.ts","statementMap":{"0":{"start":{"line":3,"column":0},"end":{"line":3,"column":70}},"1":{"start":{"line":5,"column":0},"end":{"line":5,"column":32}},"2":{"start":{"line":35,"column":8},"end":{"line":35,"column":33}},"3":{"start":{"line":36,"column":8},"end":{"line":36,"column":67}},"4":{"start":{"line":43,"column":26},"end":{"line":43,"column":36}},"5":{"start":{"line":44,"column":8},"end":{"line":44,"column":74}},"6":{"start":{"line":46,"column":22},"end":{"line":46,"column":44}},"7":{"start":{"line":47,"column":39},"end":{"line":47,"column":41}},"8":{"start":{"line":48,"column":30},"end":{"line":48,"column":51}},"9":{"start":{"line":49,"column":26},"end":{"line":49,"column":27}},"10":{"start":{"line":50,"column":25},"end":{"line":50,"column":26}},"11":{"start":{"line":52,"column":8},"end":{"line":66,"column":9}},"12":{"start":{"line":53,"column":12},"end":{"line":65,"column":13}},"13":{"start":{"line":54,"column":41},"end":{"line":54,"column":51}},"14":{"start":{"line":55,"column":32},"end":{"line":55,"column":73}},"15":{"start":{"line":56,"column":16},"end":{"line":56,"column":42}},"16":{"start":{"line":57,"column":16},"end":{"line":57,"column":30}},"17":{"start":{"line":59,"column":40},"end":{"line":59,"column":69}},"18":{"start":{"line":60,"column":16},"end":{"line":60,"column":90}},"19":{"start":{"line":62,"column":16},"end":{"line":62,"column":29}},"20":{"start":{"line":63,"column":16},"end":{"line":63,"column":81}},"21":{"start":{"line":68,"column":26},"end":{"line":68,"column":48}},"22":{"start":{"line":69,"column":8},"end":{"line":69,"column":119}},"23":{"start":{"line":71,"column":8},"end":{"line":73,"column":9}},"24":{"start":{"line":72,"column":12},"end":{"line":72,"column":73}},"25":{"start":{"line":75,"column":8},"end":{"line":75,"column":27}},"26":{"start":{"line":84,"column":8},"end":{"line":97,"column":9}},"27":{"start":{"line":86,"column":29},"end":{"line":86,"column":50}},"28":{"start":{"line":87,"column":12},"end":{"line":89,"column":13}},"29":{"start":{"line":88,"column":16},"end":{"line":88,"column":94}},"30":{"start":{"line":90,"column":12},"end":{"line":90,"column":35}},"31":{"start":{"line":93,"column":23},"end":{"line":93,"column":50}},"32":{"start":{"line":94,"column":25},"end":{"line":94,"column":45}},"33":{"start":{"line":95,"column":29},"end":{"line":95,"column":66}},"34":{"start":{"line":96,"column":12},"end":{"line":96,"column":50}},"35":{"start":{"line":104,"column":8},"end":{"line":118,"column":9}},"36":{"start":{"line":105,"column":29},"end":{"line":105,"column":57}},"37":{"start":{"line":106,"column":12},"end":{"line":106,"column":72}},"38":{"start":{"line":108,"column":32},"end":{"line":108,"column":68}},"39":{"start":{"line":109,"column":30},"end":{"line":109,"column":69}},"40":{"start":{"line":111,"column":12},"end":{"line":111,"column":46}},"41":{"start":{"line":112,"column":12},"end":{"line":112,"column":81}},"42":{"start":{"line":114,"column":12},"end":{"line":114,"column":29}},"43":{"start":{"line":116,"column":12},"end":{"line":116,"column":70}},"44":{"start":{"line":117,"column":12},"end":{"line":117,"column":70}},"45":{"start":{"line":125,"column":8},"end":{"line":136,"column":9}},"46":{"start":{"line":126,"column":29},"end":{"line":126,"column":48}},"47":{"start":{"line":127,"column":31},"end":{"line":127,"column":60}},"48":{"start":{"line":129,"column":32},"end":{"line":129,"column":70}},"49":{"start":{"line":130,"column":32},"end":{"line":130,"column":70}},"50":{"start":{"line":132,"column":12},"end":{"line":132,"column":50}},"51":{"start":{"line":133,"column":12},"end":{"line":133,"column":65}},"52":{"start":{"line":135,"column":12},"end":{"line":135,"column":77}},"53":{"start":{"line":144,"column":29},"end":{"line":144,"column":61}},"54":{"start":{"line":147,"column":32},"end":{"line":147,"column":65}},"55":{"start":{"line":149,"column":8},"end":{"line":188,"column":10}},"56":{"start":{"line":196,"column":8},"end":{"line":198,"column":9}},"57":{"start":{"line":197,"column":12},"end":{"line":197,"column":54}},"58":{"start":{"line":201,"column":8},"end":{"line":203,"column":9}},"59":{"start":{"line":202,"column":12},"end":{"line":202,"column":40}},"60":{"start":{"line":204,"column":8},"end":{"line":206,"column":9}},"61":{"start":{"line":205,"column":12},"end":{"line":205,"column":40}},"62":{"start":{"line":207,"column":8},"end":{"line":209,"column":9}},"63":{"start":{"line":208,"column":12},"end":{"line":208,"column":41}},"64":{"start":{"line":212,"column":8},"end":{"line":221,"column":9}},"65":{"start":{"line":214,"column":16},"end":{"line":214,"column":41}},"66":{"start":{"line":216,"column":16},"end":{"line":216,"column":46}},"67":{"start":{"line":218,"column":16},"end":{"line":218,"column":44}},"68":{"start":{"line":220,"column":16},"end":{"line":220,"column":41}},"69":{"start":{"line":229,"column":8},"end":{"line":231,"column":9}},"70":{"start":{"line":230,"column":12},"end":{"line":230,"column":64}},"71":{"start":{"line":234,"column":8},"end":{"line":248,"column":9}},"72":{"start":{"line":236,"column":12},"end":{"line":238,"column":13}},"73":{"start":{"line":237,"column":16},"end":{"line":237,"column":32}},"74":{"start":{"line":239,"column":12},"end":{"line":241,"column":13}},"75":{"start":{"line":240,"column":16},"end":{"line":240,"column":30}},"76":{"start":{"line":242,"column":12},"end":{"line":244,"column":13}},"77":{"start":{"line":243,"column":16},"end":{"line":243,"column":32}},"78":{"start":{"line":245,"column":12},"end":{"line":247,"column":13}},"79":{"start":{"line":246,"column":16},"end":{"line":246,"column":32}},"80":{"start":{"line":251,"column":8},"end":{"line":251,"column":28}},"81":{"start":{"line":259,"column":8},"end":{"line":261,"column":9}},"82":{"start":{"line":260,"column":12},"end":{"line":260,"column":57}},"83":{"start":{"line":264,"column":8},"end":{"line":266,"column":9}},"84":{"start":{"line":265,"column":12},"end":{"line":265,"column":49}},"85":{"start":{"line":269,"column":8},"end":{"line":269,"column":18}},"86":{"start":{"line":276,"column":47},"end":{"line":276,"column":49}},"87":{"start":{"line":279,"column":8},"end":{"line":283,"column":9}},"88":{"start":{"line":280,"column":12},"end":{"line":280,"column":40}},"89":{"start":{"line":281,"column":12},"end":{"line":281,"column":39}},"90":{"start":{"line":282,"column":12},"end":{"line":282,"column":46}},"91":{"start":{"line":286,"column":8},"end":{"line":289,"column":9}},"92":{"start":{"line":287,"column":12},"end":{"line":287,"column":42}},"93":{"start":{"line":288,"column":12},"end":{"line":288,"column":40}},"94":{"start":{"line":292,"column":8},"end":{"line":295,"column":9}},"95":{"start":{"line":293,"column":12},"end":{"line":293,"column":38}},"96":{"start":{"line":294,"column":12},"end":{"line":294,"column":46}},"97":{"start":{"line":298,"column":8},"end":{"line":300,"column":9}},"98"
[...]
{"start":{"line":9,"column":0},"end":{"line":9,"column":13}}},"fnMap":{"0":{"name":"(anonymous_1)","decl":{"start":{"line":12,"column":2},"end":{"line":12,"column":14}},"loc":{"start":{"line":12,"column":33},"end":{"line":14,"column":3}}},"1":{"name":"(anonymous_2)","decl":{"start":{"line":19,"column":2},"end":{"line":19,"column":13}},"loc":{"start":{"line":19,"column":29},"end":{"line":24,"column":3}}},"2":{"name":"(anonymous_3)","decl":{"start":{"line":29,"column":2},"end":{"line":29,"column":11}},"loc":{"start":{"line":29,"column":25},"end":{"line":33,"column":3}}},"3":{"name":"(anonymous_4)","decl":{"start":{"line":38,"column":2},"end":{"line":38,"column":11}},"loc":{"start":{"line":38,"column":24},"end":{"line":51,"column":3}}},"4":{"name":"(anonymous_5)","decl":{"start":{"line":56,"column":2},"end":{"line":56,"column":15}},"loc":{"start":{"line":56,"column":31},"end":{"line":70,"column":3}}},"5":{"name":"(anonymous_6)","decl":{"start":{"line":75,"column":2},"end":{"line":75,"column":11}},"loc":{"start":{"line":75,"column":25},"end":{"line":78,"column":3}}},"6":{"name":"(anonymous_7)","decl":{"start":{"line":83,"column":2},"end":{"line":83,"column":7}},"loc":{"start":{"line":83,"column":7},"end":{"line":88,"column":3}}},"7":{"name":"(anonymous_8)","decl":{"start":{"line":93,"column":2},"end":{"line":93,"column":12}},"loc":{"start":{"line":93,"column":33},"end":{"line":97,"column":3}}},"8":{"name":"(anonymous_9)","decl":{"start":{"line":102,"column":2},"end":{"line":102,"column":14}},"loc":{"start":{"line":102,"column":46},"end":{"line":115,"column":3}}},"9":{"name":"(anonymous_10)","decl":{"start":{"line":120,"column":2},"end":{"line":120,"column":10}},"loc":{"start":{"line":120,"column":27},"end":{"line":123,"column":3}}},"10":{"name":"(anonymous_11)","decl":{"start":{"line":128,"column":2},"end":{"line":128,"column":12}},"loc":{"start":{"line":128,"column":27},"end":{"line":131,"column":3}}}},"branchMap":{"0":{"loc":{"start":{"line":13,"column":18},"end":{"line":13,"column":58}},"type":"binary-expr","locations":[{"start":{"line":13,"column":18},"end":{"line":13,"column":24}},{"start":{"line":13,"column":28},"end":{"line":13,"column":58}}]},"1":{"loc":{"start":{"line":45,"column":4},"end":{"line":48,"column":5}},"type":"if","locations":[{"start":{"line":45,"column":4},"end":{"line":48,"column":5}}]},"2":{"loc":{"start":{"line":45,"column":8},"end":{"line":45,"column":55}},"type":"binary-expr","locations":[{"start":{"line":45,"column":8},"end":{"line":45,"column":24}},{"start":{"line":45,"column":28},"end":{"line":45,"column":55}}]},"3":{"loc":{"start":{"line":59,"column":4},"end":{"line":62,"column":5}},"type":"if","locations":[{"start":{"line":59,"column":4},"end":{"line":62,"column":5}}]},"4":{"loc":{"start":{"line":93,"column":13},"end":{"line":93,"column":33}},"type":"default-arg","locations":[{"start":{"line":93,"column":30},"end":{"line":93,"column":33}}]},"5":{"loc":{"start":{"line":103,"column":4},"end":{"line":105,"column":5}},"type":"if","locations":[{"start":{"line":103,"column":4},"end":{"line":105,"column":5}}]},"6":{"loc":{"start":{"line":107,"column":4},"end":{"line":110,"column":5}},"type":"if","locations":[{"start":{"line":107,"column":4},"end":{"line":110,"column":5}}]}},"s":{"0":1,"1":1,"2":0,"3":0,"4":0,"5":0,"6":0,"7":0,"8":0,"9":0,"10":0,"11":0,"12":0,"13":0,"14":0,"15":0,"16":0,"17":0,"18":0,"19":0,"20":0,"21":0,"22":0,"23":0,"24":0,"25":0,"26":0,"27":0,"28":0,"29":0,"30":0,"31":0,"32":0,"33":0,"34":0,"35":0,"36":0,"37":0,"38":1},"f":{"0":1,"1":0,"2":0,"3":0,"4":0,"5":0,"6":0,"7":0,"8":0,"9":0,"10":0},"b":{"0":[1,0],"1":[0],"2":[0,0],"3":[0],"4":[0],"5":[0],"6":[0]}}
,"/Users/dirkkok/Development/zork/src/services/SceneService.ts": {"path":"/Users/dirkkok/Development/zork/src/services/SceneService.ts","statementMap":{"0":{"start":{"line":4,"column":0},"end":{"line":4,"column":27}},"1":{"start":{"line":14,"column":12},"end":{"line":14,"column":40}},"2":{"start":{"line":17,"column":4},"end":{"line":17,"column":58}},"3":{"start":{"line":24,"column":18},"end":{"line":24,"column":50}},"4":{"start":{"line":25,"column":4},"end":{"line":28,"column":5}},"5":{"start":{"line":26,"column":6},"end":{"line":26,"column":54}},"6":{"start":{"line":27,"column":6},"end":{"line":27,"column":47}},"7":{"start":{"line":30,"column":22},"end":{"line":30,"column":33}},"8":{"start":{"line":33,"column":4},"end":{"line":37,"column":5}},"9":{"start":{"line":34,"column":6},"end":{"line":34,"column":56}},"10":{"start":{"line":36,"column":6},"end":{"line":36,"column":46}},"11":{"start":{"line":40,"column":4},"end":{"line":40,"column":45}},"12":{"start":{"line":42,"column":4},"end":{"line":42,"column":23}},"13":{"start":{"line":49,"column":18},"end":{"line":49,"column":50}},"14":{"start":{"line":50,"column":4},"end":{"line":53,"column":5}},"15":{"start":{"line":51,"column":6},"end":{"line":51,"column":54}},"16":{"start":{"line":52,"column":6},"end":{"line":52,"column":16}},"17":{"start":{"line":55,"column":4},"end":{"line":67,"column":7}},"18":{"start":{"line":57,"column":6},"end":{"line":59,"column":7}},"19":{"start":{"line":58,"column":8},"end":{"line":58,"column":21}},"20":{"start":{"line":62,"column":6},"end":{"line":64,"column":7}},"21":{"start":{"line":63,"column":8},"end":{"line":63,"column":56}},"22":{"start":{"line":66,"column":6},"end":{"line":66,"column":18}},"23":{"start":{"line":74,"column":18},"end":{"line":74,"column":50}},"24":{"start":{"line":75,"column":4},"end":{"line":78,"column":5}},"25":{"start":{"line":76,"column":6},"end":{"line":76,"column":54}},"26":{"start":{"line":77,"column":6},"end":{"line":77,"column":16}},"27":{"start":{"line":80,"column":4},"end":{"line":92,"column":7}},"28":{"start":{"line":82,"column":6},"end":{"line":84,"column":7}},"29":{"start":{"line":83,"column":8},"end":{"line":83,"column":21}},"30":{"start":{"line":87,"column":6},"end":{"line":89,"column":7}},"31":{"start":{"line":88,"column":8},"end":{"line":88,"column":51}},"32":{"start":{"line":91,"column":6},"end":{"line":91,"column":18}},"33":{"start":{"line":99,"column":25},"end":{"line":99,"column":54}},"34":{"start":{"line":100,"column":4},"end":{"line":100,"column":59}},"35":{"start":{"line":100,"column":41},"end":{"line":100,"column":57}},"36":{"start":{"line":107,"column":18},"end":{"line":107,"column":50}},"37":{"start":{"line":108,"column":4},"end":{"line":111,"column":5}},"38":{"start":{"line":109,"column":6},"end":{"line":109,"column":76}},"39":{"start":{"line":110,"column":6},"end":{"line":110,"column":13}},"40":{"start":{"line":114,"column":17},"end":{"line":114,"column":47}},"41":{"start":{"line":115,"column":20},"end":{"line":115,"column":41}},"42":{"start":{"line":118,"column":33},"end":{"line":121,"column":6}},"43":{"start":{"line":123,"column":4},"end":{"line":123,"column":32}},"44":{"start":{"line":124,"column":4},"end":{"line":124,"column":88}},"45":{"start":{"line":131,"column":18},"end":{"line":131,"column":50}},"46":{"start":{"line":132,"column":4},"end":{"line":135,"column":5}},"47":{"start":{"line":133,"column":6},"end":{"line":133,"column":81}},"48":{"start":{"line":134,"column":6},"end":{"line":134,"column":13}},"49":{"start":{"line":137,"column":26},"end":{"line":137,"column":44}},"50":{"start":{"line":138,"column":4},"end":{"line":138,"column":79}},"51":{"start":{"line":138,"column":50},"end":{"line":138,"column":77}},"52":{"start":{"line":140,"column":4},"end":{"line":144,"column":5}},"53":{"start":{"line":141,"column":6},"end":{"line":141,"column":72}},"54":{"start":{"line":143,"column":6},"end":{"line":143,"column":76}},"55":{"start":{"line":151,"column":27},"end":{"line":151,"column":60}},"56":{"start":{"line":152,"column":17},"end":{"line":154,"column":null}},"57":{"start":{"line":153,"column":6},"end":{"line":154,"column":67}},"58":{"start":{"line":157,"column":4},"end":{"line":159,"column":5}},"59":{"start":{"line":158,"column":6},"end":{"line":158,"column":19}},"60":{"start":{"line":162,"column":4},"end":{"line":164,"column":5}},"61":{"start":{"line":163,"column":6},"end":{"line":163,"column":19}},"62":{"start":{"line":166,"column":4},"end":{"line":166,"column":16}},"63":{"start":{"line":173,"column":27},"end":{"line":173,"column":59}},"64":{"start":{"line":174,"column":27},"end":{"line":174,"column":65}},"65":{"start":{"line":176,"column":17},"end":{"line":178,"column":null}},"66":{"start":{"line":177,"column":6},"end":{"line":178,"column":67}},"67":{"start":{"line":181,"column":4},"end":{"line":183,"column":5}},"68":{"start":{"line":182,"column":6},"end":{"line":182,"column":60}},"69":{"start":{"line":185,"column":4},"end":{"line":187,"column":5}},"70":{"start":{"line":186,"column":6},"end":{"line":186,"column":65}},"71":{"start":{"line":190,"column":4},"end":{"line":190,"column":44}},"72":{"start":{"line":191,"column":4},"end":{"line":191,"column":92}},"73":{"start":{"line":193,"column":4},"end":{"line":193,"column":19}},"74":{"start":{"line":201,"column":18},"end":{"line":201,"column":50}},"75":{"start":{"line":202,"column":4},"end":{"line":202,"column":31}},"76":{"start":{"line":209,"column":18},"end":{"line":209,"column":50}},"77":{"start":{"line":210,"column":4},"end":{"line":213,"column":5}},"78":{"start":{"line":211,"column":6},"end":{"line":211,"column":70}},"79":{"start":{"line":212,"column":6},"end":{"line":212,"column":13}},"80":{"start":{"line":216,"column":4},"end":{"line":226,"column":5}},"81":{"start":{"line":217,"column":6},"end":{"line":225,"column":7}},"82":{"start":{"line":218,"column":8},"end":{"line":220,"column":9}},"83":{"start":{"line":219,"column":10},"end":{"line":219,"column":19}},"84":{"start":{"line":224,"column":8},"end":{"line":224,"column":112}},"85":{"start":{"line":228,"column":4},"end":{"line":228,"column":58}},"86":{"start":{"line":236,"column":4},"end":{"line":236,"column":57}},"87":{"start":{"line":243,"column":4},"end":{"line":245,"column":5}},"88":{"start":{"line":244,"column":6},"end":{"line":244,"column":47}},"89":{"start":{"line":247,"column":4},"end":{"line":250,"column":5}},"90":{"start":{"line":249,"column":6},"end":{"line":249,"column":67}},"91":{"start":{"line":249,"column":37},"end":{"line":249,"column":65}},"92":{"start":{"line":252,"column":4},"end":{"line":252,"column":17}},"93":{"start":{"line":10,"column":0},"end":{"line":10,"column":13}}},"fnMap":{"0":{"name":"(anonymous_1)","decl":{"start":{"line":13,"column":2},"end":{"line":13,"column":null}},"loc":{"start":{"line":15,"column":23},"end":{"line":18,"column":3}}},"1":{"name":"(anonymous_2)","decl":{"start":{"line":23,"column":2},"end":{"line":23,"column":21}},"loc":{"start":{"line":23,"column":37},"end":{"line":43,"column":3}}},"2":{"name":"(anonymous_3)","decl":{"start":{"line":48,"column":2},"end":{"line":48,"column":17}},"loc":{"start":{"line":48,"column":33},"end":{"line":68,"column":3}}},"3":{"name":"(anonymous_4)","decl":{"start":{"line":55,"column":30},"end":{"line":55,"column":39}},"loc":{"start":{"line":55,"column":42},"end":{"line":67,"column":5}}},"4":{"name":"(anonymous_5)","decl":{"start":{"line":73,"column":2},"end":{"line":73,"column":19}},"loc":{"start":{"line":73,"column":35},"end":{"line":93,"column":3}}},"5":{"name":"(anonymous_6)","decl":{"start":{"line":80,"column":30},"end":{"line":80,"column":34}},"loc":{"start":{"line":80,"column":37},"end":{"line":92,"column":5}}},"6":{"name":"(anonymous_7)","decl":{"start":{"line":98,"column":2},"end":{"line":98,"column":15}},"loc":{"start":{"line":98,"column":31},"end":{"line":101,"column":3}}},"7":{"name":"(anonymous_8)","decl":{"start":{"line":100,"column":28},"end":{"line":100,"column":37}},"loc":{"start":{"line":100,"column":41},"end":{"line":100,"column":57}}},"8":{"name":"(anonymous_9)","decl":{"start":{"line":106,"column":2},"end":{"line":106,"column":16}},"loc":{"start":{"line":106,"column":48},"end":{"line":125,"column":3}}},"9":{"name":"(anonymous_10)","decl":{"start":{"line":130,"column":2},"end":{"line":130,"column":21}},"loc":{"start":{"line":130,"column":53},"end":{"line":145,"column":3}}},"10":{"name":"(anonymous_11)","decl":{"start":{"line":138,"column":37},"end":{"line":138,"column":46}},"loc":{"start":{"line":138,"column":50},"end":{"line":138,"column":77}}},"11":{"name":"(anonymous_12)","decl":{"start":{"line":150,"column":2},"end":{"line":150,"column":11}},"loc":{"start":{"line":150,"column":48},"end":{"line":167,"column":3}}},"12":{"name":"(anonymous_13)","decl":{"start":{"line":152,"column":37},"end":{"line":152,"column":38}},"loc":{"start":{"line":153,"column":6},"end":{"line":154,"column":67}}},"13":{"name":"(anonymous_14)","decl":{"start":{"line":172,"column":2},"end":{"line":172,"column":8}},"loc":{"start":{"line":172,"column":26},"end":{"line":194,"column":3}}},"14":{"name":"(anonymous_15)","decl":{"start":{"line":176,"column":37},"end":{"line":176,"column":38}},"loc":{"start":{"line":177,"column":6},"end":{"line":178,"column":67}}},"15":{"name":"(anonymous_16)","decl":{"start":{"line":199,"column":2},"end":{"line":199,"column":15}},"loc":{"start":{"line":199,"column":31},"end":{"line":203,"column":3}}},"16":{"name":"(anonymous_17)","decl":{"start":{"line":208,"column":2},"end":{"line":208,"column":12}},"loc":{"start":{"line":208,"column":28},"end":{"line":229,"column":3}}},"17":{"name":"(anonymous_18)","decl":{"start":{"line":234,"column":2},"end":{"line":234,"column":11}},"loc":{"start":{"line":234,"column":27},"end":{"line":237,"column":3}}},"18":{"name":"(anonymous_19)","decl":{"start":{"line":242,"column":10},"end":{"line":242,"column":24}},"loc":{"start":{"line":242,"column":53},"end":{"line":253,"column":3}}},"19":{"name":"(anonymous_20)","decl":{"start":{"line":249,"column":29},"end":{"line":249,"column":33}},"loc":{"start":{"line":249,"column":37},"end":{"line":249,"column":65}}}},"branchMap":{"0":{"loc":{"start":{"line":17,"column":18},"end":{"line":17,"column":57}},"type":"binary-expr","locations":[{"start":{"line":17,"column":18},"end":{"line":17,"column":24}},{"start":{"line":17,"column":28},"end":{"line":17,"column":57}}]},"1":{"loc":{"start":{"line":25,"column":4},"end":{"line":28,"column":5}},"type":"if","locations":[{"start":{"line":25,"column":4},"end":{"line":28,"column":5}}]},"2":{"loc":{"start":{"line":33,"column":4},"end":{"line":37,"column":5}},"type":"if","locations":[{"start":{"line":33,"column":4},"end":{"line":37,"column":5}},{"start":{"line":35,"column":11},"end":{"line":37,"column":5}}]},"3":{"loc":{"start":{"line":33,"column":8},"end":{"line":33,"column":79}},"type":"binary-expr","locations":[{"start":{"line":33,"column":8},"end":{"line":33,"column":48}},{"start":{"line":33,"column":52},"end":{"line":33,"column":79}}]},"4":{"loc":{"start":{"line":50,"column":4},"end":{"line":53,"column":5}},"type":"if","locations":[{"start":{"line":50,"column":4},"end":{"line":53,"column":5}}]},"5":{"loc":{"start":{"line":57,"column":6},"end":{"line":59,"column":7}},"type":"if","locations":[{"start":{"line":57,"column":6},"end":{"line":59,"column":7}}]},"6":{"loc":{"start":{"line":62,"column":6},"end":{"line":64,"column":7}},"type":"if","locations":[{"start":{"line":62,"column":6},"end":{"line":64,"column":7}}]},"7":{"loc":{"start":{"line":75,"column":4},"end":{"line":78,"column":5}},"type":"if","locations":[{"start":{"line":75,"column":4},"end":{"line":78,"column":5}}]},"8":{"loc":{"start":{"line":82,"column":6},"end":{"line":84,"column":7}},"type":"if","locations":[{"start":{"line":82,"column":6},"end":{"line":84,"column":7}}]},"9":{"loc":{"start":{"line":87,"column":6},"end":{"line":89,"column":7}},"type":"if","locations":[{"start":{"line":87,"column":6},"end":{"line":89,"column":7}}]},"10":{"loc":{"start":{"line":108,"column":4},"end":{"line":111,"column":5}},"type":"if","locations":[{"start":{"line":108,"column":4},"end":{"line":111,"column":5}}]},"11":{"loc":{"start":{"line":115,"column":20},"end":{"line":115,"column":41}},"type":"binary-expr","locations":[{"start":{"line":115,"column":20},"end":{"line":115,"column":33}},{"start":{"line":115,"column":37},"end":{"line":115,"column":41}}]},"12":{"loc":{"start":{"line":132,"column":4},"end":{"line":135,"column":5}},"type":"if","locations":[{"start":{"line":132,"column":4},"end":{"line":135,"column":5}}]},"13":{"loc":{"start":{"line":140,"column":4},"end":{"line":144,"column":5}},"type":"if","locations":[{"start":{"line":140,"column":4},"end":{"line":144,"column":5}},{"start":{"line":142,"column":11},"end":{"line":144,"column":5}}]},"14":{"loc":{"start":{"line":153,"column":6},"end":{"line":154,"column":67}},"type":"binary-expr","locations":[{"start":{"line":153,"column":6},"end":{"line":153,"column":59}},{"start":{"line":154,"column":6},"end":{"line":154,"column":67}}]},"15":{"loc":{"start":{"line":157,"column":4},"end":{"line":159,"column":5}},"type":"if","locations":[{"start":{"line":157,"column":4},"end":{"line":159,"column":5}}]},"16":{"loc":{"start":{"line":162,"column":4},"end":{"line":164,"column":5}},"type":"if","locations":[{"start":{"line":162,"column":4},"end":{"line":164,"column":5}}]},"17":{"loc":{"start":{"line":177,"column":6},"end":{"line":178,"column":67}},"type":"binary-expr","locations":[{"start":{"line":177,"column":6},"end":{"line":177,"column":59}},{"start":{"line":178,"column":6},"end":{"line":178,"column":67}}]},"18":{"loc":{"start":{"line":181,"column":4},"end":{"line":183,"column":5}},"type":"if","locations":[{"start":{"line":181,"column":4},"end":{"line":183,"column":5}}]},"19":{"loc":{"start":{"line":185,"column":4},"end":{"line":187,"column":5}},"type":"if","locations":[{"start":{"line":185,"column":4},"end":{"line":187,"column":5}}]},"20":{"loc":{"start":{"line":210,"column":4},"end":{"line":213,"column":5}},"type":"if","locations":[{"start":{"line":210,"column":4},"end":{"line":213,"column":5}}]},"21":{"loc":{"start":{"line":216,"column":4},"end":{"line":226,"column":5}},"type":"if","locations":[{"start":{"line":216,"column":4},"end":{"line":226,"column":5}}]},"22":{"loc":{"start":{"line":218,"column":8},"end":{"line":220,"column":9}},"type":"if","locations":[{"start":{"line":218,"column":8},"end":{"line":220,"column":9}}]},"23":{"loc":{"start":{"line":218,"column":12},"end":{"line":218,"column":70}},"type":"binary-expr","locations":[{"start":{"line":218,"column":12},"end":{"line":218,"column":28}},{"start":{"line":218,"column":32},"end":{"line":218,"column":70}}]},"24":{"loc":{"start":{"line":224,"column":74},"end":{"line":224,"column":108}},"type":"binary-expr","locations":[{"start":{"line":224,"column":74},"end":{"line":224,"column":88}},{"start":{"line":224,"column":92},"end":{"line":224,"column":108}}]},"25":{"loc":{"start":{"line":243,"column":4},"end":{"line":245,"column":5}},"type":"if","locations":[{"start":{"line":243,"column":4},"end":{"line":245,"column":5}}]},"26":{"loc":{"start":{"line":247,"column":4},"end":{"line":250,"column":5}},"type":"if","locations":[{"start":{"line":247,"column":4},"end":{"line":250,"column":5}}]}},"s":{"0":1,"1":1,"2":1,"3":0,"4":0,"5":0,"6":0,"7":0,"8":0,"9":0,"10":0,"11":0,"12":0,"13":12,"14":12,"15":0,"16":0,"17":12,"18":32,"19":0,"20":32,"21":0,"22":32,"23":0,"24":0,"25":0,"26":0,"27":0,"28":0,"29":0,"30":0,"31":0,"32":0,"33":12,"34":12,"35":32,"36":12,"37":12,"38":0,"39":0,"40":12,"41":12,"42":12,"43":12,"44":12,"45":12,"46":12,"47":0,"48":0,"49":12,"50":12,"51":24,"52":12,"53":12,"54":0,"55":0,"56":0,"57":0,"58":0,"59":0,"60":0,"61":0,"62":0,"63":0,"64":0,"65":0,"66":0,"67":0,"68":0,"69":0,"70":0,"71":0,"72":0,"73":0,"74":0,"75":0,"76":0,"77":0,"78":0,"79":0,"80":0,"81":0,"82":0,"83":0,"84":0,"85":0,"86":0,"87":0,"88":0,"89":0,"90":0,"91":0,"92":0,"93":1},"f":{"0":1,"1":0,"2":12,"3":32,"4":0,"5":0,"6":12,"7":32,"8":12,"9":12,"10":24,"11":0,"12":0,"13":0,"14":0,"15":0,"16":0,"17":0,"18":0,"19":0},"b":{"0":[1,0],"1":[0],"2":[0,0],"3":[0,0],"4":[0],"5":[0],"6":[0],"7":[0],"8":[0],"9":[0],"10":[0],"11":[12,0],"12":[0],"13":[12,0],"14":[0,0],"15":[0],"16":[0],"17":[0,0],"18":[0],"19":[0],"20":[0],"21":[0],"22":[0],"23":[0,0],"24":[0,0],"25":[0],"26":[0]}}
}
