TN:
SF:src/data_loaders/ItemDataLoader.ts
FN:90,(anonymous_0)
FN:97,(anonymous_1)
FN:117,(anonymous_2)
FN:131,(anonymous_3)
FN:133,(anonymous_4)
FN:139,(anonymous_5)
FN:141,(anonymous_6)
FN:147,(anonymous_7)
FN:155,(anonymous_8)
FN:171,(anonymous_9)
FN:187,(anonymous_10)
FN:211,(anonymous_11)
FN:222,(anonymous_12)
FN:233,(anonymous_13)
FN:234,(anonymous_14)
FN:266,(anonymous_15)
FN:277,(anonymous_16)
FN:287,(anonymous_17)
FN:326,(anonymous_18)
FN:341,(anonymous_19)
FNF:20
FNH:20
FNDA:463,(anonymous_0)
FNDA:347,(anonymous_1)
FNDA:363,(anonymous_2)
FNDA:174,(anonymous_3)
FNDA:32975,(anonymous_4)
FNDA:27,(anonymous_5)
FNDA:620,(anonymous_6)
FNDA:26,(anonymous_7)
FNDA:736,(anonymous_8)
FNDA:57286,(anonymous_9)
FNDA:57270,(anonymous_10)
FNDA:57270,(anonymous_11)
FNDA:62338,(anonymous_12)
FNDA:57288,(anonymous_13)
FNDA:120200,(anonymous_14)
FNDA:30131,(anonymous_15)
FNDA:30143,(anonymous_16)
FNDA:57298,(anonymous_17)
FNDA:1742,(anonymous_18)
FNDA:58338,(anonymous_19)
DA:2,23
DA:3,23
DA:4,23
DA:83,23
DA:91,463
DA:98,347
DA:99,331
DA:101,331
DA:102,56966
DA:103,56966
DA:104,56954
DA:106,12
DA:111,331
DA:118,363
DA:119,356
DA:121,356
DA:122,36
DA:125,320
DA:132,174
DA:133,32975
DA:140,27
DA:141,620
DA:148,26
DA:149,20
DA:156,736
DA:157,736
DA:158,736
DA:159,716
DA:161,714
DA:162,707
DA:164,29
DA:172,57286
DA:173,57286
DA:174,57284
DA:175,57274
DA:177,57273
DA:178,57270
DA:180,18
DA:188,57270
DA:212,57270
DA:213,57270
DA:214,2
DA:216,57268
DA:223,62338
DA:224,62338
DA:225,45
DA:227,62293
DA:234,57288
DA:235,120200
DA:240,120200
DA:241,25072
DA:244,120200
DA:245,25072
DA:249,120200
DA:250,10
DA:253,120200
DA:254,7
DA:257,120200
DA:269,30131
DA:280,30143
DA:288,57298
DA:291,57298
DA:292,20657
DA:294,57298
DA:295,7971
DA:297,57298
DA:298,8502
DA:300,57298
DA:301,8488
DA:303,57298
DA:304,4
DA:306,57298
DA:307,818
DA:309,57298
DA:310,268
DA:314,57298
DA:315,46837
DA:316,128
DA:320,57298
DA:327,1742
DA:328,9
DA:330,1733
DA:331,9
DA:333,1724
DA:334,5
DA:342,58338
DA:343,2
DA:346,58336
DA:352,58336
DA:353,874827
DA:354,24
DA:358,58312
DA:359,2
DA:361,58310
DA:362,1
DA:364,58309
DA:365,1
DA:367,58308
DA:368,1
LF:99
LH:99
BRDA:90,0,0,0
BRDA:121,1,0,36
BRDA:213,2,0,2
BRDA:224,3,0,45
BRDA:240,4,0,25072
BRDA:244,5,0,25072
BRDA:249,6,0,10
BRDA:253,7,0,7
BRDA:291,8,0,20657
BRDA:294,9,0,7971
BRDA:297,10,0,8502
BRDA:300,11,0,8488
BRDA:303,12,0,4
BRDA:306,13,0,818
BRDA:309,14,0,268
BRDA:315,15,0,128
BRDA:327,16,0,9
BRDA:327,17,0,1742
BRDA:327,17,1,1739
BRDA:330,18,0,9
BRDA:333,19,0,5
BRDA:342,20,0,2
BRDA:342,21,0,58338
BRDA:342,21,1,58336
BRDA:353,22,0,24
BRDA:358,23,0,2
BRDA:358,24,0,58312
BRDA:358,24,1,58311
BRDA:361,25,0,1
BRDA:364,26,0,1
BRDA:367,27,0,1
BRF:31
BRH:30
end_of_record
