TN:
SF:src/data_loaders/MonsterDataLoader.ts
FN:33,(anonymous_0)
FN:40,(anonymous_1)
FN:62,(anonymous_2)
FN:78,(anonymous_3)
FN:95,(anonymous_4)
FN:147,(anonymous_5)
FN:180,(anonymous_6)
FN:210,(anonymous_7)
FN:228,(anonymous_8)
FN:261,(anonymous_9)
FN:293,(anonymous_10)
FN:309,(anonymous_11)
FN:327,(anonymous_12)
FNF:13
FNH:13
FNDA:136,(anonymous_0)
FNDA:71,(anonymous_1)
FNDA:71,(anonymous_2)
FNDA:552,(anonymous_3)
FNDA:566,(anonymous_4)
FNDA:587,(anonymous_5)
FNDA:606,(anonymous_6)
FNDA:566,(anonymous_7)
FNDA:588,(anonymous_8)
FNDA:565,(anonymous_9)
FNDA:1145,(anonymous_10)
FNDA:70,(anonymous_11)
FNDA:551,(anonymous_12)
DA:3,8
DA:5,8
DA:6,8
DA:26,8
DA:34,136
DA:41,71
DA:42,69
DA:44,69
DA:45,552
DA:46,552
DA:47,551
DA:49,1
DA:54,69
DA:63,71
DA:64,71
DA:65,71
DA:66,70
DA:68,70
DA:69,69
DA:71,2
DA:79,552
DA:80,552
DA:81,552
DA:82,552
DA:83,551
DA:85,551
DA:86,551
DA:88,1
DA:97,566
DA:100,566
DA:102,566
DA:149,587
DA:150,2
DA:154,585
DA:155,306
DA:157,279
DA:158,235
DA:160,44
DA:161,2
DA:165,42
DA:167,20
DA:169,13
DA:171,8
DA:173,1
DA:182,606
DA:183,8
DA:187,598
DA:189,99
DA:190,80
DA:192,19
DA:193,4
DA:195,15
DA:196,4
DA:198,11
DA:199,4
DA:204,506
DA:212,566
DA:213,0
DA:217,566
DA:218,0
DA:222,566
DA:229,588
DA:232,588
DA:233,68
DA:234,68
DA:235,68
DA:239,588
DA:240,62
DA:241,62
DA:245,588
DA:246,61
DA:247,61
DA:251,588
DA:252,7
DA:255,588
DA:262,565
DA:265,565
DA:266,418
DA:267,70
DA:269,418
DA:270,0
DA:272,418
DA:273,0
DA:278,565
DA:279,0
DA:283,565
DA:284,0
DA:287,565
DA:294,1145
DA:295,1145
DA:297,1145
DA:298,1020
DA:302,125
DA:303,125
DA:310,70
DA:311,1
DA:313,69
DA:314,0
DA:316,69
DA:317,0
DA:319,69
DA:320,0
DA:328,551
DA:329,0
DA:332,551
DA:337,551
DA:338,4959
DA:339,0
DA:343,551
DA:344,0
DA:346,551
DA:347,0
DA:349,551
DA:350,0
DA:352,551
DA:353,0
LF:116
LH:101
BRDA:33,0,0,0
BRDA:110,1,0,566
BRDA:110,1,1,527
BRDA:110,1,2,526
BRDA:111,2,0,566
BRDA:111,2,1,526
BRDA:115,3,0,39
BRDA:115,3,1,527
BRDA:115,4,0,527
BRDA:115,4,1,355
BRDA:116,5,0,566
BRDA:116,5,1,355
BRDA:123,6,0,566
BRDA:123,6,1,0
BRDA:126,7,0,566
BRDA:126,7,1,0
BRDA:127,8,0,566
BRDA:127,8,1,0
BRDA:135,9,0,566
BRDA:135,9,1,0
BRDA:149,10,0,2
BRDA:154,11,0,306
BRDA:157,12,0,235
BRDA:157,13,0,279
BRDA:157,13,1,273
BRDA:160,14,0,2
BRDA:165,15,0,20
BRDA:165,15,1,13
BRDA:165,15,2,8
BRDA:165,15,3,1
BRDA:182,16,0,8
BRDA:187,17,0,99
BRDA:189,18,0,80
BRDA:189,19,0,99
BRDA:189,19,1,25
BRDA:192,20,0,4
BRDA:195,21,0,4
BRDA:198,22,0,4
BRDA:212,23,0,0
BRDA:217,24,0,0
BRDA:217,25,0,566
BRDA:217,25,1,0
BRDA:232,26,0,68
BRDA:239,27,0,62
BRDA:245,28,0,61
BRDA:251,29,0,7
BRDA:265,30,0,418
BRDA:266,31,0,70
BRDA:269,32,0,0
BRDA:272,33,0,0
BRDA:278,34,0,0
BRDA:283,35,0,0
BRDA:283,36,0,565
BRDA:283,36,1,0
BRDA:287,37,0,70
BRDA:287,37,1,495
BRDA:297,38,0,1020
BRDA:310,39,0,1
BRDA:310,40,0,70
BRDA:310,40,1,70
BRDA:310,40,2,69
BRDA:313,41,0,0
BRDA:316,42,0,0
BRDA:319,43,0,0
BRDA:319,44,0,69
BRDA:319,44,1,69
BRDA:319,44,2,69
BRDA:328,45,0,0
BRDA:328,46,0,551
BRDA:328,46,1,551
BRDA:328,46,2,551
BRDA:338,47,0,0
BRDA:343,48,0,0
BRDA:343,49,0,551
BRDA:343,49,1,551
BRDA:346,50,0,0
BRDA:349,51,0,0
BRDA:352,52,0,0
BRF:78
BRH:56
end_of_record
